#
# There is insufficient memory for the Java Runtime Environment to continue.
# Native memory allocation (mmap) failed to map 350224384 bytes for Failed to commit area from 0x0000000097d00000 to 0x00000000acb00000 of length 350224384.
# Possible reasons:
#   The system is out of physical RAM or swap space
#   The process is running with CompressedOops enabled, and the Java Heap may be blocking the growth of the native heap
# Possible solutions:
#   Reduce memory load on the system
#   Increase physical memory or swap space
#   Check if swap backing store is full
#   Decrease Java heap size (-Xmx/-Xms)
#   Decrease number of Java threads
#   Decrease Java thread stack sizes (-Xss)
#   Set larger code cache with -XX:ReservedCodeCacheSize=
#   JVM is running with Unscaled Compressed Oops mode in which the Java heap is
#     placed in the first 4GB address space. The Java Heap base address is the
#     maximum limit for the native heap growth. Please use -XX:HeapBaseMinAddress
#     to set the Java Heap base and to place the Java Heap above 4GB virtual address.
# This output file may be truncated or incomplete.
#
#  Out of Memory Error (./src/hotspot/os/windows/os_windows.cpp:3521), pid=3464, tid=3168
#
# JRE version: OpenJDK Runtime Environment (11.0.12+7) (build 11.0.12+7-b1504.28-7817840)
# Java VM: OpenJDK 64-Bit Server VM (11.0.12+7-b1504.28-7817840, mixed mode, tiered, compressed oops, g1 gc, windows-amd64)
# No core dump will be written. Minidumps are not enabled by default on client versions of Windows
#

---------------  S U M M A R Y ------------

Command Line: --add-opens=java.base/java.util=ALL-UNNAMED --add-opens=java.base/java.lang=ALL-UNNAMED --add-opens=java.base/java.lang.invoke=ALL-UNNAMED --add-opens=java.base/java.util=ALL-UNNAMED --add-opens=java.prefs/java.util.prefs=ALL-UNNAMED --add-opens=java.prefs/java.util.prefs=ALL-UNNAMED --add-opens=java.base/java.nio.charset=ALL-UNNAMED --add-opens=java.base/java.net=ALL-UNNAMED --add-opens=java.base/java.util.concurrent.atomic=ALL-UNNAMED -Xmx2048m -Dfile.encoding=UTF-8 -Duser.country=US -Duser.language=en -Duser.variant org.gradle.launcher.daemon.bootstrap.GradleDaemon 7.3.3

Host: Intel(R) Core(TM)2 Duo CPU     E8400  @ 3.00GHz, 2 cores, 7G,  Windows 10 , 64 bit Build 19041 (10.0.19041.1889)
Time: Mon Oct 31 23:00:36 2022 Bangladesh Standard Time elapsed time: 33.763542 seconds (0d 0h 0m 33s)

---------------  T H R E A D  ---------------

Current thread (0x00000279d3dfe000):  VMThread "VM Thread" [stack: 0x000000b3e7e00000,0x000000b3e7f00000] [id=3168]

Stack: [0x000000b3e7e00000,0x000000b3e7f00000]
[error occurred during error reporting (printing stack bounds), id 0xc0000005, EXCEPTION_ACCESS_VIOLATION (0xc0000005) at pc=0x00000279be23113d]

Native frames: (J=compiled Java code, j=interpreted, Vv=VM code, C=native code)
V  [jvm.dll+0x5fbcea]
V  [jvm.dll+0x731905]
V  [jvm.dll+0x732f1d]
V  [jvm.dll+0x733535]
V  [jvm.dll+0x7334eb]
V  [jvm.dll+0x5fb080]
V  [jvm.dll+0x5fb818]
C  [ntdll.dll+0xa241f]
C  [ntdll.dll+0x514a4]
C  [ntdll.dll+0xa0f4e]
C  0x00000279be23113d

VM_Operation (0x000000b3ec4fe640): G1CollectForAllocation, mode: safepoint, requested by thread 0x00000279d8982800


---------------  P R O C E S S  ---------------

Threads class SMR info:
_java_thread_list=0x00000279d4d46930, length=69, elements={
0x00000279ba718000, 0x00000279d3e04000, 0x00000279d3e05000, 0x00000279d47a2800,
0x00000279d3e20000, 0x00000279d3e22000, 0x00000279d3e25000, 0x00000279d3e5e000,
0x00000279d47ce000, 0x00000279d4831800, 0x00000279d5c95000, 0x00000279d6835800,
0x00000279d5ef0800, 0x00000279d58fc000, 0x00000279d58fd000, 0x00000279d6864000,
0x00000279d615b800, 0x00000279d6834000, 0x00000279d68dd000, 0x00000279d677d000,
0x00000279d677e000, 0x00000279d677f000, 0x00000279d677c800, 0x00000279d7f80800,
0x00000279d7f7e000, 0x00000279d7f81000, 0x00000279d7f7e800, 0x00000279d7f82000,
0x00000279d7f7f800, 0x00000279d7f7c000, 0x00000279d7f7d000, 0x00000279d7f86000,
0x00000279d7f87000, 0x00000279d7f83800, 0x00000279d7f88800, 0x00000279d7f89800,
0x00000279d7f84800, 0x00000279d7f8a000, 0x00000279d7f8b000, 0x00000279d89b6800,
0x00000279d89b8800, 0x00000279d89b9000, 0x00000279d89b7800, 0x00000279d89ba000,
0x00000279d89b4800, 0x00000279d89bb000, 0x00000279d89b5000, 0x00000279d89bb800,
0x00000279d89b6000, 0x00000279d89bf000, 0x00000279d89be000, 0x00000279d89c2000,
0x00000279d89bc800, 0x00000279d89bf800, 0x00000279d89c0800, 0x00000279d89c3000,
0x00000279d89c1800, 0x00000279d89bd800, 0x00000279d8983800, 0x00000279d8981000,
0x00000279d8982000, 0x00000279d8984000, 0x00000279d8985000, 0x00000279d8980000,
0x00000279d8987800, 0x00000279d8986800, 0x00000279d8988800, 0x00000279d8982800,
0x00000279d898b800
}

Java Threads: ( => current thread )
  0x00000279ba718000 JavaThread "main" [_thread_blocked, id=1084, stack(0x000000b3e7700000,0x000000b3e7800000)]
  0x00000279d3e04000 JavaThread "Reference Handler" daemon [_thread_blocked, id=700, stack(0x000000b3e7f00000,0x000000b3e8000000)]
  0x00000279d3e05000 JavaThread "Finalizer" daemon [_thread_blocked, id=6064, stack(0x000000b3e8000000,0x000000b3e8100000)]
  0x00000279d47a2800 JavaThread "Signal Dispatcher" daemon [_thread_blocked, id=5960, stack(0x000000b3e8100000,0x000000b3e8200000)]
  0x00000279d3e20000 JavaThread "Attach Listener" daemon [_thread_blocked, id=7204, stack(0x000000b3e8200000,0x000000b3e8300000)]
  0x00000279d3e22000 JavaThread "Service Thread" daemon [_thread_blocked, id=6584, stack(0x000000b3e8300000,0x000000b3e8400000)]
  0x00000279d3e25000 JavaThread "C2 CompilerThread0" daemon [_thread_in_native, id=3808, stack(0x000000b3e8400000,0x000000b3e8500000)]
  0x00000279d3e5e000 JavaThread "C1 CompilerThread0" daemon [_thread_blocked, id=3984, stack(0x000000b3e8500000,0x000000b3e8600000)]
  0x00000279d47ce000 JavaThread "Sweeper thread" daemon [_thread_blocked, id=112, stack(0x000000b3e8600000,0x000000b3e8700000)]
  0x00000279d4831800 JavaThread "Common-Cleaner" daemon [_thread_blocked, id=10128, stack(0x000000b3e8700000,0x000000b3e8800000)]
  0x00000279d5c95000 JavaThread "Daemon health stats" [_thread_blocked, id=3696, stack(0x000000b3e8a00000,0x000000b3e8b00000)]
  0x00000279d6835800 JavaThread "Incoming local TCP Connector on port 51717" [_thread_in_native, id=1748, stack(0x000000b3e8c00000,0x000000b3e8d00000)]
  0x00000279d5ef0800 JavaThread "Daemon" [_thread_blocked, id=1188, stack(0x000000b3e8d00000,0x000000b3e8e00000)]
  0x00000279d58fc000 JavaThread "Handler for socket connection from /127.0.0.1:51717 to /127.0.0.1:51718" [_thread_in_native, id=7172, stack(0x000000b3e8e00000,0x000000b3e8f00000)]
  0x00000279d58fd000 JavaThread "Daemon periodic checks" [_thread_blocked, id=1080, stack(0x000000b3e8f00000,0x000000b3e9000000)]
  0x00000279d6864000 JavaThread "Cancel handler" [_thread_blocked, id=7108, stack(0x000000b3e9000000,0x000000b3e9100000)]
  0x00000279d615b800 JavaThread "Daemon worker" [_thread_blocked, id=7276, stack(0x000000b3e9100000,0x000000b3e9200000)]
  0x00000279d6834000 JavaThread "Asynchronous log dispatcher for DefaultDaemonConnection: socket connection from /127.0.0.1:51717 to /127.0.0.1:51718" [_thread_blocked, id=6136, stack(0x000000b3e9200000,0x000000b3e9300000)]
  0x00000279d68dd000 JavaThread "Stdin handler" [_thread_blocked, id=7412, stack(0x000000b3e9300000,0x000000b3e9400000)]
  0x00000279d677d000 JavaThread "Daemon client event forwarder" [_thread_blocked, id=6992, stack(0x000000b3e9400000,0x000000b3e9500000)]
  0x00000279d677e000 JavaThread "Cache worker for journal cache (C:\Users\obaak\.gradle\caches\journal-1)" [_thread_blocked, id=9284, stack(0x000000b3e9500000,0x000000b3e9600000)]
  0x00000279d677f000 JavaThread "File lock request listener" [_thread_in_native, id=716, stack(0x000000b3e9600000,0x000000b3e9700000)]
  0x00000279d677c800 JavaThread "Cache worker for file hash cache (C:\Users\obaak\.gradle\caches\7.3.3\fileHashes)" [_thread_blocked, id=8136, stack(0x000000b3e9700000,0x000000b3e9800000)]
  0x00000279d7f80800 JavaThread "Cache worker for file hash cache (E:\GermanGrade2\.gradle\7.3.3\fileHashes)" [_thread_blocked, id=6524, stack(0x000000b3e9800000,0x000000b3e9900000)]
  0x00000279d7f7e000 JavaThread "File watcher server" daemon [_thread_in_native, id=9120, stack(0x000000b3e9900000,0x000000b3e9a00000)]
  0x00000279d7f81000 JavaThread "File watcher consumer" daemon [_thread_blocked, id=8672, stack(0x000000b3e9a00000,0x000000b3e9b00000)]
  0x00000279d7f7e800 JavaThread "Cache worker for checksums cache (E:\GermanGrade2\.gradle\7.3.3\checksums)" [_thread_blocked, id=4884, stack(0x000000b3e9b00000,0x000000b3e9c00000)]
  0x00000279d7f82000 JavaThread "Cache worker for cache directory md-supplier (C:\Users\obaak\.gradle\caches\7.3.3\md-supplier)" [_thread_blocked, id=7812, stack(0x000000b3e9c00000,0x000000b3e9d00000)]
  0x00000279d7f7f800 JavaThread "Cache worker for cache directory md-rule (C:\Users\obaak\.gradle\caches\7.3.3\md-rule)" [_thread_blocked, id=4916, stack(0x000000b3e9d00000,0x000000b3e9e00000)]
  0x00000279d7f7c000 JavaThread "Cache worker for execution history cache (C:\Users\obaak\.gradle\caches\7.3.3\executionHistory)" [_thread_blocked, id=1520, stack(0x000000b3e9e00000,0x000000b3e9f00000)]
  0x00000279d7f7d000 JavaThread "jar transforms" [_thread_blocked, id=9444, stack(0x000000b3e9f00000,0x000000b3ea000000)]
  0x00000279d7f86000 JavaThread "Cache worker for file content cache (C:\Users\obaak\.gradle\caches\7.3.3\fileContent)" [_thread_blocked, id=8876, stack(0x000000b3ea000000,0x000000b3ea100000)]
  0x00000279d7f87000 JavaThread "jar transforms Thread 2" [_thread_blocked, id=3976, stack(0x000000b3ea100000,0x000000b3ea200000)]
  0x00000279d7f83800 JavaThread "Cache worker for dependencies-accessors (E:\GermanGrade2\.gradle\7.3.3\dependencies-accessors)" [_thread_blocked, id=8048, stack(0x000000b3ea200000,0x000000b3ea300000)]
  0x00000279d7f88800 JavaThread "Cache worker for Build Output Cleanup Cache (E:\GermanGrade2\.gradle\buildOutputCleanup)" [_thread_blocked, id=2244, stack(0x000000b3ea300000,0x000000b3ea400000)]
  0x00000279d7f89800 JavaThread "Unconstrained build operations" [_thread_blocked, id=9532, stack(0x000000b3ea400000,0x000000b3ea500000)]
  0x00000279d7f84800 JavaThread "Unconstrained build operations Thread 2" [_thread_blocked, id=9576, stack(0x000000b3ea500000,0x000000b3ea600000)]
  0x00000279d7f8a000 JavaThread "Unconstrained build operations Thread 3" [_thread_blocked, id=1588, stack(0x000000b3ea600000,0x000000b3ea700000)]
  0x00000279d7f8b000 JavaThread "Unconstrained build operations Thread 4" [_thread_blocked, id=8704, stack(0x000000b3ea700000,0x000000b3ea800000)]
  0x00000279d89b6800 JavaThread "Unconstrained build operations Thread 5" [_thread_blocked, id=6740, stack(0x000000b3ea800000,0x000000b3ea900000)]
  0x00000279d89b8800 JavaThread "Unconstrained build operations Thread 6" [_thread_blocked, id=8336, stack(0x000000b3ea900000,0x000000b3eaa00000)]
  0x00000279d89b9000 JavaThread "Unconstrained build operations Thread 7" [_thread_blocked, id=8524, stack(0x000000b3eaa00000,0x000000b3eab00000)]
  0x00000279d89b7800 JavaThread "Unconstrained build operations Thread 8" [_thread_blocked, id=9048, stack(0x000000b3eab00000,0x000000b3eac00000)]
  0x00000279d89ba000 JavaThread "Unconstrained build operations Thread 9" [_thread_blocked, id=5404, stack(0x000000b3eac00000,0x000000b3ead00000)]
  0x00000279d89b4800 JavaThread "Unconstrained build operations Thread 10" [_thread_blocked, id=9524, stack(0x000000b3ead00000,0x000000b3eae00000)]
  0x00000279d89bb000 JavaThread "Unconstrained build operations Thread 11" [_thread_blocked, id=6840, stack(0x000000b3eae00000,0x000000b3eaf00000)]
  0x00000279d89b5000 JavaThread "Unconstrained build operations Thread 12" [_thread_blocked, id=3952, stack(0x000000b3eaf00000,0x000000b3eb000000)]
  0x00000279d89bb800 JavaThread "Unconstrained build operations Thread 13" [_thread_blocked, id=5924, stack(0x000000b3eb000000,0x000000b3eb100000)]
  0x00000279d89b6000 JavaThread "Unconstrained build operations Thread 14" [_thread_blocked, id=9644, stack(0x000000b3eb100000,0x000000b3eb200000)]
  0x00000279d89bf000 JavaThread "Unconstrained build operations Thread 15" [_thread_blocked, id=8532, stack(0x000000b3eb200000,0x000000b3eb300000)]
  0x00000279d89be000 JavaThread "Unconstrained build operations Thread 16" [_thread_blocked, id=7816, stack(0x000000b3eb300000,0x000000b3eb400000)]
  0x00000279d89c2000 JavaThread "Unconstrained build operations Thread 17" [_thread_blocked, id=3284, stack(0x000000b3eb400000,0x000000b3eb500000)]
  0x00000279d89bc800 JavaThread "Unconstrained build operations Thread 18" [_thread_blocked, id=8556, stack(0x000000b3eb500000,0x000000b3eb600000)]
  0x00000279d89bf800 JavaThread "Unconstrained build operations Thread 19" [_thread_blocked, id=9660, stack(0x000000b3eb600000,0x000000b3eb700000)]
  0x00000279d89c0800 JavaThread "Unconstrained build operations Thread 20" [_thread_blocked, id=6352, stack(0x000000b3eb700000,0x000000b3eb800000)]
  0x00000279d89c3000 JavaThread "Memory manager" [_thread_blocked, id=10024, stack(0x000000b3eb800000,0x000000b3eb900000)]
  0x00000279d89c1800 JavaThread "build event listener" [_thread_blocked, id=5880, stack(0x000000b3eb900000,0x000000b3eba00000)]
  0x00000279d89bd800 JavaThread "pool-3-thread-1" [_thread_blocked, id=7084, stack(0x000000b3eba00000,0x000000b3ebb00000)]
  0x00000279d8983800 JavaThread "build event listener" [_thread_blocked, id=3204, stack(0x000000b3ebb00000,0x000000b3ebc00000)]
  0x00000279d8981000 JavaThread "Execution worker for ':'" [_thread_blocked, id=3572, stack(0x000000b3ebc00000,0x000000b3ebd00000)]
  0x00000279d8982000 JavaThread "Cache worker for execution history cache (E:\GermanGrade2\.gradle\7.3.3\executionHistory)" [_thread_blocked, id=1616, stack(0x000000b3ebd00000,0x000000b3ebe00000)]
  0x00000279d8984000 JavaThread "WorkerExecutor Queue" [_thread_blocked, id=2960, stack(0x000000b3ebe00000,0x000000b3ebf00000)]
  0x00000279d8985000 JavaThread "pool-4-thread-1" [_thread_blocked, id=7296, stack(0x000000b3ebf00000,0x000000b3ec000000)]
  0x00000279d8980000 JavaThread "stderr" [_thread_in_native, id=8548, stack(0x000000b3ec000000,0x000000b3ec100000)]
  0x00000279d8987800 JavaThread "stdout" [_thread_in_native, id=8468, stack(0x000000b3ec100000,0x000000b3ec200000)]
  0x00000279d8986800 JavaThread "WorkerExecutor Queue Thread 2" [_thread_blocked, id=8708, stack(0x000000b3ec200000,0x000000b3ec300000)]
  0x00000279d8988800 JavaThread "WorkerExecutor Queue Thread 3" [_thread_blocked, id=4868, stack(0x000000b3ec300000,0x000000b3ec400000)]
  0x00000279d8982800 JavaThread "ForkJoinPool-1-worker-3" daemon [_thread_blocked, id=4580, stack(0x000000b3ec400000,0x000000b3ec500000)]
  0x00000279d898b800 JavaThread "ForkJoinPool-1-worker-1" daemon [_thread_blocked, id=7964, stack(0x000000b3ec500000,0x000000b3ec600000)]

Other Threads:
=>0x00000279d3dfe000 VMThread "VM Thread" [stack: 0x000000b3e7e00000,0x000000b3e7f00000] [id=3168]
  0x00000279d48a0800 WatcherThread [stack: 0x000000b3e8800000,0x000000b3e8900000] [id=5484]
  0x00000279ba72f800 GCTaskThread "GC Thread#0" [stack: 0x000000b3e7900000,0x000000b3e7a00000] [id=8856]
  0x00000279d4aac000 GCTaskThread "GC Thread#1" [stack: 0x000000b3e8900000,0x000000b3e8a00000] [id=664]
  0x00000279ba761000 ConcurrentGCThread "G1 Main Marker" [stack: 0x000000b3e7a00000,0x000000b3e7b00000] [id=5100]
  0x00000279ba763000 ConcurrentGCThread "G1 Conc#0" [stack: 0x000000b3e7b00000,0x000000b3e7c00000] [id=3444]
  0x00000279ba7e8800 ConcurrentGCThread "G1 Refine#0" [stack: 0x000000b3e7c00000,0x000000b3e7d00000] [id=4044]
  0x00000279d579c000 ConcurrentGCThread "G1 Refine#1" [stack: 0x000000b3e8b00000,0x000000b3e8c00000] [id=5336]
  0x00000279ba7e9800 ConcurrentGCThread "G1 Young RemSet Sampling" [stack: 0x000000b3e7d00000,0x000000b3e7e00000] [id=7260]

Threads with active compile tasks:
C2 CompilerThread0  33779 12224 %     4       com.android.tools.r8.code.y1::a @ 20 (4129 bytes)

VM state:at safepoint (normal execution)

VM Mutex/Monitor currently owned by a thread:  ([mutex/lock_event])
[0x00000279ba715380] Threads_lock - owner thread: 0x00000279d3dfe000
[0x00000279ba716a00] Heap_lock - owner thread: 0x00000279d8982800

Heap address: 0x0000000080000000, size: 2048 MB, Compressed Oops mode: 32-bit
Narrow klass base: 0x0000000000000000, Narrow klass shift: 3
Compressed class space size: 1073741824 Address: 0x0000000100000000

Heap:
 garbage-first heap   total 732160K, used 271872K [0x0000000080000000, 0x0000000100000000)
  region size 1024K, 6 young (6144K), 6 survivors (6144K)
 Metaspace       used 96672K, capacity 99025K, committed 99200K, reserved 1134592K
  class space    used 12525K, capacity 13378K, committed 13516K, reserved 1048576K
Heap Regions: E=young(eden), S=young(survivor), O=old, HS=humongous(starts), HC=humongous(continues), CS=collection set, F=free, A=archive, TAMS=top-at-mark-start (previous, next)
|   0|0x0000000080000000, 0x0000000080100000, 0x0000000080100000|100%| O|  |TAMS 0x0000000080100000, 0x0000000080000000| Untracked 
|   1|0x0000000080100000, 0x0000000080200000, 0x0000000080200000|100%| O|  |TAMS 0x0000000080200000, 0x0000000080100000| Untracked 
|   2|0x0000000080200000, 0x0000000080300000, 0x0000000080300000|100%| O|  |TAMS 0x0000000080300000, 0x0000000080200000| Untracked 
|   3|0x0000000080300000, 0x0000000080400000, 0x0000000080400000|100%| O|  |TAMS 0x0000000080400000, 0x0000000080300000| Untracked 
|   4|0x0000000080400000, 0x0000000080500000, 0x0000000080500000|100%|HS|  |TAMS 0x0000000080500000, 0x0000000080400000| Complete 
|   5|0x0000000080500000, 0x0000000080600000, 0x0000000080600000|100%|HC|  |TAMS 0x0000000080600000, 0x0000000080500000| Complete 
|   6|0x0000000080600000, 0x0000000080700000, 0x0000000080700000|100%|HC|  |TAMS 0x0000000080700000, 0x0000000080600000| Complete 
|   7|0x0000000080700000, 0x0000000080800000, 0x0000000080800000|100%| O|  |TAMS 0x0000000080800000, 0x0000000080700000| Untracked 
|   8|0x0000000080800000, 0x0000000080900000, 0x0000000080900000|100%| O|  |TAMS 0x0000000080900000, 0x0000000080800000| Untracked 
|   9|0x0000000080900000, 0x0000000080a00000, 0x0000000080a00000|100%| O|  |TAMS 0x0000000080a00000, 0x0000000080900000| Untracked 
|  10|0x0000000080a00000, 0x0000000080b00000, 0x0000000080b00000|100%| O|  |TAMS 0x0000000080b00000, 0x0000000080a00000| Untracked 
|  11|0x0000000080b00000, 0x0000000080c00000, 0x0000000080c00000|100%| O|  |TAMS 0x0000000080c00000, 0x0000000080b00000| Untracked 
|  12|0x0000000080c00000, 0x0000000080d00000, 0x0000000080d00000|100%| O|  |TAMS 0x0000000080d00000, 0x0000000080c00000| Untracked 
|  13|0x0000000080d00000, 0x0000000080e00000, 0x0000000080e00000|100%| O|  |TAMS 0x0000000080e00000, 0x0000000080d00000| Untracked 
|  14|0x0000000080e00000, 0x0000000080f00000, 0x0000000080f00000|100%| O|  |TAMS 0x0000000080f00000, 0x0000000080e00000| Untracked 
|  15|0x0000000080f00000, 0x0000000081000000, 0x0000000081000000|100%| O|  |TAMS 0x0000000081000000, 0x0000000080f00000| Untracked 
|  16|0x0000000081000000, 0x0000000081100000, 0x0000000081100000|100%|HS|  |TAMS 0x0000000081100000, 0x0000000081000000| Complete 
|  17|0x0000000081100000, 0x0000000081200000, 0x0000000081200000|100%| O|  |TAMS 0x0000000081200000, 0x0000000081100000| Untracked 
|  18|0x0000000081200000, 0x0000000081300000, 0x0000000081300000|100%| O|  |TAMS 0x0000000081300000, 0x0000000081200000| Untracked 
|  19|0x0000000081300000, 0x0000000081400000, 0x0000000081400000|100%| O|  |TAMS 0x0000000081400000, 0x0000000081300000| Untracked 
|  20|0x0000000081400000, 0x0000000081500000, 0x0000000081500000|100%| O|  |TAMS 0x0000000081500000, 0x0000000081400000| Untracked 
|  21|0x0000000081500000, 0x0000000081600000, 0x0000000081600000|100%| O|  |TAMS 0x0000000081600000, 0x0000000081500000| Untracked 
|  22|0x0000000081600000, 0x0000000081700000, 0x0000000081700000|100%| O|  |TAMS 0x0000000081700000, 0x0000000081600000| Untracked 
|  23|0x0000000081700000, 0x0000000081800000, 0x0000000081800000|100%|HS|  |TAMS 0x0000000081800000, 0x0000000081700000| Complete 
|  24|0x0000000081800000, 0x0000000081900000, 0x0000000081900000|100%|HS|  |TAMS 0x0000000081900000, 0x0000000081800000| Complete 
|  25|0x0000000081900000, 0x0000000081a00000, 0x0000000081a00000|100%|HC|  |TAMS 0x0000000081a00000, 0x0000000081900000| Complete 
|  26|0x0000000081a00000, 0x0000000081b00000, 0x0000000081b00000|100%| O|  |TAMS 0x0000000081b00000, 0x0000000081a00000| Untracked 
|  27|0x0000000081b00000, 0x0000000081c00000, 0x0000000081c00000|100%| O|  |TAMS 0x0000000081c00000, 0x0000000081b00000| Untracked 
|  28|0x0000000081c00000, 0x0000000081d00000, 0x0000000081d00000|100%| O|  |TAMS 0x0000000081d00000, 0x0000000081c00000| Untracked 
|  29|0x0000000081d00000, 0x0000000081e00000, 0x0000000081e00000|100%| O|  |TAMS 0x0000000081e00000, 0x0000000081d00000| Untracked 
|  30|0x0000000081e00000, 0x0000000081f00000, 0x0000000081f00000|100%| O|  |TAMS 0x0000000081f00000, 0x0000000081e00000| Untracked 
|  31|0x0000000081f00000, 0x0000000082000000, 0x0000000082000000|100%| O|  |TAMS 0x0000000082000000, 0x0000000081f00000| Untracked 
|  32|0x0000000082000000, 0x0000000082100000, 0x0000000082100000|100%| O|  |TAMS 0x0000000082100000, 0x0000000082000000| Untracked 
|  33|0x0000000082100000, 0x0000000082200000, 0x0000000082200000|100%| O|  |TAMS 0x0000000082200000, 0x0000000082100000| Untracked 
|  34|0x0000000082200000, 0x0000000082300000, 0x0000000082300000|100%| O|  |TAMS 0x0000000082300000, 0x0000000082200000| Untracked 
|  35|0x0000000082300000, 0x0000000082400000, 0x0000000082400000|100%| O|  |TAMS 0x0000000082400000, 0x0000000082300000| Untracked 
|  36|0x0000000082400000, 0x0000000082500000, 0x0000000082500000|100%| O|  |TAMS 0x0000000082500000, 0x0000000082400000| Untracked 
|  37|0x0000000082500000, 0x0000000082600000, 0x0000000082600000|100%| O|  |TAMS 0x0000000082600000, 0x0000000082500000| Untracked 
|  38|0x0000000082600000, 0x0000000082700000, 0x0000000082700000|100%| O|  |TAMS 0x0000000082700000, 0x0000000082600000| Untracked 
|  39|0x0000000082700000, 0x0000000082800000, 0x0000000082800000|100%| O|  |TAMS 0x0000000082800000, 0x0000000082700000| Untracked 
|  40|0x0000000082800000, 0x0000000082900000, 0x0000000082900000|100%| O|  |TAMS 0x0000000082900000, 0x0000000082800000| Untracked 
|  41|0x0000000082900000, 0x0000000082a00000, 0x0000000082a00000|100%| O|  |TAMS 0x0000000082a00000, 0x0000000082900000| Untracked 
|  42|0x0000000082a00000, 0x0000000082b00000, 0x0000000082b00000|100%| O|  |TAMS 0x0000000082b00000, 0x0000000082a00000| Untracked 
|  43|0x0000000082b00000, 0x0000000082c00000, 0x0000000082c00000|100%| O|  |TAMS 0x0000000082c00000, 0x0000000082b00000| Untracked 
|  44|0x0000000082c00000, 0x0000000082d00000, 0x0000000082d00000|100%| O|  |TAMS 0x0000000082d00000, 0x0000000082c00000| Untracked 
|  45|0x0000000082d00000, 0x0000000082e00000, 0x0000000082e00000|100%| O|  |TAMS 0x0000000082e00000, 0x0000000082d00000| Untracked 
|  46|0x0000000082e00000, 0x0000000082f00000, 0x0000000082f00000|100%| O|  |TAMS 0x0000000082f00000, 0x0000000082e00000| Untracked 
|  47|0x0000000082f00000, 0x0000000083000000, 0x0000000083000000|100%| O|  |TAMS 0x0000000083000000, 0x0000000082f00000| Untracked 
|  48|0x0000000083000000, 0x0000000083100000, 0x0000000083100000|100%| O|  |TAMS 0x0000000083100000, 0x0000000083000000| Untracked 
|  49|0x0000000083100000, 0x0000000083200000, 0x0000000083200000|100%| O|  |TAMS 0x0000000083200000, 0x0000000083100000| Untracked 
|  50|0x0000000083200000, 0x0000000083300000, 0x0000000083300000|100%| O|  |TAMS 0x0000000083300000, 0x0000000083200000| Untracked 
|  51|0x0000000083300000, 0x0000000083400000, 0x0000000083400000|100%| O|  |TAMS 0x0000000083400000, 0x0000000083300000| Untracked 
|  52|0x0000000083400000, 0x0000000083500000, 0x0000000083500000|100%| O|  |TAMS 0x0000000083500000, 0x0000000083400000| Untracked 
|  53|0x0000000083500000, 0x0000000083600000, 0x0000000083600000|100%| O|  |TAMS 0x0000000083600000, 0x0000000083500000| Untracked 
|  54|0x0000000083600000, 0x0000000083700000, 0x0000000083700000|100%| O|  |TAMS 0x0000000083700000, 0x0000000083600000| Untracked 
|  55|0x0000000083700000, 0x0000000083800000, 0x0000000083800000|100%| O|  |TAMS 0x0000000083800000, 0x0000000083700000| Untracked 
|  56|0x0000000083800000, 0x0000000083900000, 0x0000000083900000|100%| O|  |TAMS 0x0000000083900000, 0x0000000083800000| Untracked 
|  57|0x0000000083900000, 0x0000000083a00000, 0x0000000083a00000|100%| O|  |TAMS 0x0000000083a00000, 0x0000000083900000| Untracked 
|  58|0x0000000083a00000, 0x0000000083b00000, 0x0000000083b00000|100%| O|  |TAMS 0x0000000083b00000, 0x0000000083a00000| Untracked 
|  59|0x0000000083b00000, 0x0000000083c00000, 0x0000000083c00000|100%| O|  |TAMS 0x0000000083c00000, 0x0000000083b00000| Untracked 
|  60|0x0000000083c00000, 0x0000000083d00000, 0x0000000083d00000|100%| O|  |TAMS 0x0000000083d00000, 0x0000000083c00000| Untracked 
|  61|0x0000000083d00000, 0x0000000083e00000, 0x0000000083e00000|100%| O|  |TAMS 0x0000000083e00000, 0x0000000083d00000| Untracked 
|  62|0x0000000083e00000, 0x0000000083f00000, 0x0000000083f00000|100%| O|  |TAMS 0x0000000083f00000, 0x0000000083e00000| Untracked 
|  63|0x0000000083f00000, 0x0000000084000000, 0x0000000084000000|100%| O|  |TAMS 0x0000000084000000, 0x0000000083f00000| Untracked 
|  64|0x0000000084000000, 0x0000000084100000, 0x0000000084100000|100%| O|  |TAMS 0x0000000084100000, 0x0000000084000000| Untracked 
|  65|0x0000000084100000, 0x0000000084200000, 0x0000000084200000|100%| O|  |TAMS 0x0000000084200000, 0x0000000084100000| Untracked 
|  66|0x0000000084200000, 0x0000000084300000, 0x0000000084300000|100%| O|  |TAMS 0x0000000084300000, 0x0000000084200000| Untracked 
|  67|0x0000000084300000, 0x0000000084400000, 0x0000000084400000|100%| O|  |TAMS 0x0000000084400000, 0x0000000084300000| Untracked 
|  68|0x0000000084400000, 0x0000000084500000, 0x0000000084500000|100%| O|  |TAMS 0x0000000084500000, 0x0000000084400000| Untracked 
|  69|0x0000000084500000, 0x0000000084600000, 0x0000000084600000|100%| O|  |TAMS 0x0000000084600000, 0x0000000084500000| Untracked 
|  70|0x0000000084600000, 0x0000000084700000, 0x0000000084700000|100%| O|  |TAMS 0x0000000084700000, 0x0000000084600000| Untracked 
|  71|0x0000000084700000, 0x0000000084800000, 0x0000000084800000|100%|HS|  |TAMS 0x0000000084800000, 0x0000000084700000| Complete 
|  72|0x0000000084800000, 0x0000000084900000, 0x0000000084900000|100%|HC|  |TAMS 0x0000000084900000, 0x0000000084800000| Complete 
|  73|0x0000000084900000, 0x0000000084a00000, 0x0000000084a00000|100%|HC|  |TAMS 0x0000000084a00000, 0x0000000084900000| Complete 
|  74|0x0000000084a00000, 0x0000000084b00000, 0x0000000084b00000|100%|HC|  |TAMS 0x0000000084b00000, 0x0000000084a00000| Complete 
|  75|0x0000000084b00000, 0x0000000084c00000, 0x0000000084c00000|100%|HS|  |TAMS 0x0000000084c00000, 0x0000000084b00000| Complete 
|  76|0x0000000084c00000, 0x0000000084d00000, 0x0000000084d00000|100%|HC|  |TAMS 0x0000000084d00000, 0x0000000084c00000| Complete 
|  77|0x0000000084d00000, 0x0000000084e00000, 0x0000000084e00000|100%|HS|  |TAMS 0x0000000084e00000, 0x0000000084d00000| Complete 
|  78|0x0000000084e00000, 0x0000000084f00000, 0x0000000084f00000|100%|HS|  |TAMS 0x0000000084f00000, 0x0000000084e00000| Complete 
|  79|0x0000000084f00000, 0x0000000085000000, 0x0000000085000000|100%|HS|  |TAMS 0x0000000085000000, 0x0000000084f00000| Complete 
|  80|0x0000000085000000, 0x0000000085100000, 0x0000000085100000|100%|HS|  |TAMS 0x0000000085100000, 0x0000000085000000| Complete 
|  81|0x0000000085100000, 0x0000000085200000, 0x0000000085200000|100%|HC|  |TAMS 0x0000000085200000, 0x0000000085100000| Complete 
|  82|0x0000000085200000, 0x0000000085300000, 0x0000000085300000|100%|HS|  |TAMS 0x0000000085300000, 0x0000000085200000| Complete 
|  83|0x0000000085300000, 0x0000000085400000, 0x0000000085400000|100%|HC|  |TAMS 0x0000000085400000, 0x0000000085300000| Complete 
|  84|0x0000000085400000, 0x0000000085500000, 0x0000000085500000|100%|HS|  |TAMS 0x0000000085500000, 0x0000000085400000| Complete 
|  85|0x0000000085500000, 0x0000000085600000, 0x0000000085600000|100%|HC|  |TAMS 0x0000000085600000, 0x0000000085500000| Complete 
|  86|0x0000000085600000, 0x0000000085700000, 0x0000000085700000|100%|HC|  |TAMS 0x0000000085700000, 0x0000000085600000| Complete 
|  87|0x0000000085700000, 0x0000000085800000, 0x0000000085800000|100%|HS|  |TAMS 0x0000000085800000, 0x0000000085700000| Complete 
|  88|0x0000000085800000, 0x0000000085900000, 0x0000000085900000|100%|HS|  |TAMS 0x0000000085900000, 0x0000000085800000| Complete 
|  89|0x0000000085900000, 0x0000000085a00000, 0x0000000085a00000|100%| O|  |TAMS 0x0000000085a00000, 0x0000000085900000| Untracked 
|  90|0x0000000085a00000, 0x0000000085b00000, 0x0000000085b00000|100%| O|  |TAMS 0x0000000085b00000, 0x0000000085a00000| Untracked 
|  91|0x0000000085b00000, 0x0000000085c00000, 0x0000000085c00000|100%| O|  |TAMS 0x0000000085c00000, 0x0000000085b00000| Untracked 
|  92|0x0000000085c00000, 0x0000000085d00000, 0x0000000085d00000|100%| O|  |TAMS 0x0000000085d00000, 0x0000000085c00000| Untracked 
|  93|0x0000000085d00000, 0x0000000085e00000, 0x0000000085e00000|100%| O|  |TAMS 0x0000000085e00000, 0x0000000085d00000| Untracked 
|  94|0x0000000085e00000, 0x0000000085f00000, 0x0000000085f00000|100%| O|  |TAMS 0x0000000085f00000, 0x0000000085e00000| Untracked 
|  95|0x0000000085f00000, 0x0000000086000000, 0x0000000086000000|100%|HS|  |TAMS 0x0000000086000000, 0x0000000085f00000| Complete 
|  96|0x0000000086000000, 0x0000000086100000, 0x0000000086100000|100%|HC|  |TAMS 0x0000000086100000, 0x0000000086000000| Complete 
|  97|0x0000000086100000, 0x0000000086200000, 0x0000000086200000|100%|HC|  |TAMS 0x0000000086200000, 0x0000000086100000| Complete 
|  98|0x0000000086200000, 0x0000000086300000, 0x0000000086300000|100%|HC|  |TAMS 0x0000000086300000, 0x0000000086200000| Complete 
|  99|0x0000000086300000, 0x0000000086400000, 0x0000000086400000|100%| O|  |TAMS 0x0000000086400000, 0x0000000086300000| Untracked 
| 100|0x0000000086400000, 0x0000000086500000, 0x0000000086500000|100%| O|  |TAMS 0x0000000086500000, 0x0000000086400000| Untracked 
| 101|0x0000000086500000, 0x0000000086600000, 0x0000000086600000|100%| O|  |TAMS 0x0000000086600000, 0x0000000086500000| Untracked 
| 102|0x0000000086600000, 0x0000000086700000, 0x0000000086700000|100%|HS|  |TAMS 0x0000000086700000, 0x0000000086600000| Complete 
| 103|0x0000000086700000, 0x0000000086800000, 0x0000000086800000|100%|HC|  |TAMS 0x0000000086800000, 0x0000000086700000| Complete 
| 104|0x0000000086800000, 0x0000000086900000, 0x0000000086900000|100%| O|  |TAMS 0x0000000086900000, 0x0000000086800000| Untracked 
| 105|0x0000000086900000, 0x0000000086a00000, 0x0000000086a00000|100%|HS|  |TAMS 0x0000000086a00000, 0x0000000086900000| Complete 
| 106|0x0000000086a00000, 0x0000000086b00000, 0x0000000086b00000|100%| O|  |TAMS 0x0000000086b00000, 0x0000000086a00000| Untracked 
| 107|0x0000000086b00000, 0x0000000086c00000, 0x0000000086c00000|100%|HS|  |TAMS 0x0000000086c00000, 0x0000000086b00000| Complete 
| 108|0x0000000086c00000, 0x0000000086d00000, 0x0000000086d00000|100%| O|  |TAMS 0x0000000086d00000, 0x0000000086c00000| Untracked 
| 109|0x0000000086d00000, 0x0000000086e00000, 0x0000000086e00000|100%|HS|  |TAMS 0x0000000086e00000, 0x0000000086d00000| Complete 
| 110|0x0000000086e00000, 0x0000000086f00000, 0x0000000086f00000|100%| O|  |TAMS 0x0000000086f00000, 0x0000000086e00000| Untracked 
| 111|0x0000000086f00000, 0x0000000087000000, 0x0000000087000000|100%| O|  |TAMS 0x0000000087000000, 0x0000000086f00000| Untracked 
| 112|0x0000000087000000, 0x0000000087100000, 0x0000000087100000|100%| O|  |TAMS 0x0000000087100000, 0x0000000087000000| Untracked 
| 113|0x0000000087100000, 0x0000000087200000, 0x0000000087200000|100%|HS|  |TAMS 0x0000000087200000, 0x0000000087100000| Complete 
| 114|0x0000000087200000, 0x0000000087300000, 0x0000000087300000|100%|HC|  |TAMS 0x0000000087300000, 0x0000000087200000| Complete 
| 115|0x0000000087300000, 0x0000000087400000, 0x0000000087400000|100%| O|  |TAMS 0x0000000087400000, 0x0000000087300000| Untracked 
| 116|0x0000000087400000, 0x0000000087500000, 0x0000000087500000|100%| O|  |TAMS 0x0000000087500000, 0x0000000087400000| Untracked 
| 117|0x0000000087500000, 0x0000000087600000, 0x0000000087600000|100%| O|  |TAMS 0x0000000087600000, 0x0000000087500000| Untracked 
| 118|0x0000000087600000, 0x0000000087700000, 0x0000000087700000|100%| O|  |TAMS 0x0000000087700000, 0x0000000087600000| Untracked 
| 119|0x0000000087700000, 0x0000000087800000, 0x0000000087800000|100%| O|  |TAMS 0x0000000087800000, 0x0000000087700000| Untracked 
| 120|0x0000000087800000, 0x0000000087900000, 0x0000000087900000|100%| O|  |TAMS 0x0000000087900000, 0x0000000087800000| Untracked 
| 121|0x0000000087900000, 0x0000000087a00000, 0x0000000087a00000|100%| O|  |TAMS 0x0000000087a00000, 0x0000000087900000| Untracked 
| 122|0x0000000087a00000, 0x0000000087b00000, 0x0000000087b00000|100%|HS|  |TAMS 0x0000000087b00000, 0x0000000087a00000| Complete 
| 123|0x0000000087b00000, 0x0000000087c00000, 0x0000000087c00000|100%|HC|  |TAMS 0x0000000087c00000, 0x0000000087b00000| Complete 
| 124|0x0000000087c00000, 0x0000000087d00000, 0x0000000087d00000|100%| O|  |TAMS 0x0000000087d00000, 0x0000000087c00000| Untracked 
| 125|0x0000000087d00000, 0x0000000087e00000, 0x0000000087e00000|100%| O|  |TAMS 0x0000000087e00000, 0x0000000087d00000| Untracked 
| 126|0x0000000087e00000, 0x0000000087f00000, 0x0000000087f00000|100%| O|  |TAMS 0x0000000087f00000, 0x0000000087e00000| Untracked 
| 127|0x0000000087f00000, 0x0000000088000000, 0x0000000088000000|100%| O|  |TAMS 0x0000000088000000, 0x0000000087f00000| Untracked 
| 128|0x0000000088000000, 0x0000000088100000, 0x0000000088100000|100%| O|  |TAMS 0x0000000088100000, 0x0000000088000000| Untracked 
| 129|0x0000000088100000, 0x0000000088200000, 0x0000000088200000|100%| O|  |TAMS 0x0000000088200000, 0x0000000088100000| Untracked 
| 130|0x0000000088200000, 0x0000000088300000, 0x0000000088300000|100%| O|  |TAMS 0x0000000088300000, 0x0000000088200000| Untracked 
| 131|0x0000000088300000, 0x0000000088400000, 0x0000000088400000|100%| O|  |TAMS 0x0000000088400000, 0x0000000088300000| Untracked 
| 132|0x0000000088400000, 0x0000000088500000, 0x0000000088500000|100%| O|  |TAMS 0x0000000088500000, 0x0000000088400000| Untracked 
| 133|0x0000000088500000, 0x0000000088600000, 0x0000000088600000|100%| O|  |TAMS 0x0000000088600000, 0x0000000088500000| Untracked 
| 134|0x0000000088600000, 0x0000000088700000, 0x0000000088700000|100%| O|  |TAMS 0x0000000088700000, 0x0000000088600000| Untracked 
| 135|0x0000000088700000, 0x0000000088800000, 0x0000000088800000|100%| O|  |TAMS 0x0000000088800000, 0x0000000088700000| Untracked 
| 136|0x0000000088800000, 0x0000000088900000, 0x0000000088900000|100%| O|  |TAMS 0x0000000088900000, 0x0000000088800000| Untracked 
| 137|0x0000000088900000, 0x0000000088a00000, 0x0000000088a00000|100%| O|  |TAMS 0x0000000088a00000, 0x0000000088900000| Untracked 
| 138|0x0000000088a00000, 0x0000000088b00000, 0x0000000088b00000|100%| O|  |TAMS 0x0000000088b00000, 0x0000000088a00000| Untracked 
| 139|0x0000000088b00000, 0x0000000088c00000, 0x0000000088c00000|100%| O|  |TAMS 0x0000000088c00000, 0x0000000088b00000| Untracked 
| 140|0x0000000088c00000, 0x0000000088d00000, 0x0000000088d00000|100%| O|  |TAMS 0x0000000088d00000, 0x0000000088c00000| Untracked 
| 141|0x0000000088d00000, 0x0000000088e00000, 0x0000000088e00000|100%| O|  |TAMS 0x0000000088e00000, 0x0000000088d00000| Untracked 
| 142|0x0000000088e00000, 0x0000000088f00000, 0x0000000088f00000|100%| O|  |TAMS 0x0000000088f00000, 0x0000000088e00000| Untracked 
| 143|0x0000000088f00000, 0x0000000089000000, 0x0000000089000000|100%| O|  |TAMS 0x0000000089000000, 0x0000000088f00000| Untracked 
| 144|0x0000000089000000, 0x0000000089100000, 0x0000000089100000|100%|HS|  |TAMS 0x0000000089100000, 0x0000000089000000| Complete 
| 145|0x0000000089100000, 0x0000000089200000, 0x0000000089200000|100%|HC|  |TAMS 0x0000000089200000, 0x0000000089100000| Complete 
| 146|0x0000000089200000, 0x0000000089300000, 0x0000000089300000|100%|HC|  |TAMS 0x0000000089300000, 0x0000000089200000| Complete 
| 147|0x0000000089300000, 0x0000000089400000, 0x0000000089400000|100%|HS|  |TAMS 0x0000000089400000, 0x0000000089300000| Complete 
| 148|0x0000000089400000, 0x0000000089500000, 0x0000000089500000|100%| O|  |TAMS 0x0000000089500000, 0x0000000089400000| Untracked 
| 149|0x0000000089500000, 0x0000000089600000, 0x0000000089600000|100%|HS|  |TAMS 0x0000000089600000, 0x0000000089500000| Complete 
| 150|0x0000000089600000, 0x0000000089700000, 0x0000000089700000|100%| O|  |TAMS 0x0000000089700000, 0x0000000089600000| Untracked 
| 151|0x0000000089700000, 0x0000000089800000, 0x0000000089800000|100%| O|  |TAMS 0x0000000089800000, 0x0000000089700000| Untracked 
| 152|0x0000000089800000, 0x0000000089900000, 0x0000000089900000|100%| O|  |TAMS 0x0000000089900000, 0x0000000089800000| Untracked 
| 153|0x0000000089900000, 0x0000000089a00000, 0x0000000089a00000|100%| O|  |TAMS 0x0000000089a00000, 0x0000000089900000| Untracked 
| 154|0x0000000089a00000, 0x0000000089b00000, 0x0000000089b00000|100%| O|  |TAMS 0x0000000089b00000, 0x0000000089a00000| Untracked 
| 155|0x0000000089b00000, 0x0000000089c00000, 0x0000000089c00000|100%| O|  |TAMS 0x0000000089c00000, 0x0000000089b00000| Untracked 
| 156|0x0000000089c00000, 0x0000000089d00000, 0x0000000089d00000|100%| O|  |TAMS 0x0000000089d00000, 0x0000000089c00000| Untracked 
| 157|0x0000000089d00000, 0x0000000089e00000, 0x0000000089e00000|100%| O|  |TAMS 0x0000000089e00000, 0x0000000089d00000| Untracked 
| 158|0x0000000089e00000, 0x0000000089f00000, 0x0000000089f00000|100%| O|  |TAMS 0x0000000089f00000, 0x0000000089e00000| Untracked 
| 159|0x0000000089f00000, 0x000000008a000000, 0x000000008a000000|100%| O|  |TAMS 0x000000008a000000, 0x0000000089f00000| Untracked 
| 160|0x000000008a000000, 0x000000008a100000, 0x000000008a100000|100%| O|  |TAMS 0x000000008a100000, 0x000000008a000000| Untracked 
| 161|0x000000008a100000, 0x000000008a200000, 0x000000008a200000|100%| O|  |TAMS 0x000000008a200000, 0x000000008a100000| Untracked 
| 162|0x000000008a200000, 0x000000008a300000, 0x000000008a300000|100%| O|  |TAMS 0x000000008a300000, 0x000000008a200000| Untracked 
| 163|0x000000008a300000, 0x000000008a400000, 0x000000008a400000|100%| O|  |TAMS 0x000000008a400000, 0x000000008a300000| Untracked 
| 164|0x000000008a400000, 0x000000008a500000, 0x000000008a500000|100%| O|  |TAMS 0x000000008a500000, 0x000000008a400000| Untracked 
| 165|0x000000008a500000, 0x000000008a600000, 0x000000008a600000|100%| O|  |TAMS 0x000000008a600000, 0x000000008a500000| Untracked 
| 166|0x000000008a600000, 0x000000008a700000, 0x000000008a700000|100%| O|  |TAMS 0x000000008a700000, 0x000000008a600000| Untracked 
| 167|0x000000008a700000, 0x000000008a800000, 0x000000008a800000|100%| O|  |TAMS 0x000000008a800000, 0x000000008a700000| Untracked 
| 168|0x000000008a800000, 0x000000008a900000, 0x000000008a900000|100%| O|  |TAMS 0x000000008a900000, 0x000000008a800000| Untracked 
| 169|0x000000008a900000, 0x000000008aa00000, 0x000000008aa00000|100%| O|  |TAMS 0x000000008aa00000, 0x000000008a900000| Untracked 
| 170|0x000000008aa00000, 0x000000008ab00000, 0x000000008ab00000|100%| O|  |TAMS 0x000000008ab00000, 0x000000008aa00000| Untracked 
| 171|0x000000008ab00000, 0x000000008ac00000, 0x000000008ac00000|100%| O|  |TAMS 0x000000008ac00000, 0x000000008ab00000| Untracked 
| 172|0x000000008ac00000, 0x000000008ad00000, 0x000000008ad00000|100%|HS|  |TAMS 0x000000008ad00000, 0x000000008ac00000| Complete 
| 173|0x000000008ad00000, 0x000000008ae00000, 0x000000008ae00000|100%|HC|  |TAMS 0x000000008ae00000, 0x000000008ad00000| Complete 
| 174|0x000000008ae00000, 0x000000008af00000, 0x000000008af00000|100%|HS|  |TAMS 0x000000008af00000, 0x000000008ae00000| Complete 
| 175|0x000000008af00000, 0x000000008b000000, 0x000000008b000000|100%|HC|  |TAMS 0x000000008b000000, 0x000000008af00000| Complete 
| 176|0x000000008b000000, 0x000000008b100000, 0x000000008b100000|100%|HS|  |TAMS 0x000000008b100000, 0x000000008b000000| Complete 
| 177|0x000000008b100000, 0x000000008b200000, 0x000000008b200000|100%| O|  |TAMS 0x000000008b200000, 0x000000008b100000| Untracked 
| 178|0x000000008b200000, 0x000000008b300000, 0x000000008b300000|100%| O|  |TAMS 0x000000008b300000, 0x000000008b200000| Untracked 
| 179|0x000000008b300000, 0x000000008b400000, 0x000000008b400000|100%| O|  |TAMS 0x000000008b400000, 0x000000008b300000| Untracked 
| 180|0x000000008b400000, 0x000000008b500000, 0x000000008b500000|100%| O|  |TAMS 0x000000008b500000, 0x000000008b400000| Untracked 
| 181|0x000000008b500000, 0x000000008b600000, 0x000000008b600000|100%| O|  |TAMS 0x000000008b600000, 0x000000008b500000| Untracked 
| 182|0x000000008b600000, 0x000000008b700000, 0x000000008b700000|100%| O|  |TAMS 0x000000008b700000, 0x000000008b600000| Untracked 
| 183|0x000000008b700000, 0x000000008b800000, 0x000000008b800000|100%| O|  |TAMS 0x000000008b800000, 0x000000008b700000| Untracked 
| 184|0x000000008b800000, 0x000000008b900000, 0x000000008b900000|100%| O|  |TAMS 0x000000008b900000, 0x000000008b800000| Untracked 
| 185|0x000000008b900000, 0x000000008ba00000, 0x000000008ba00000|100%| O|  |TAMS 0x000000008ba00000, 0x000000008b900000| Untracked 
| 186|0x000000008ba00000, 0x000000008bb00000, 0x000000008bb00000|100%| O|  |TAMS 0x000000008bb00000, 0x000000008ba00000| Untracked 
| 187|0x000000008bb00000, 0x000000008bc00000, 0x000000008bc00000|100%| O|  |TAMS 0x000000008bc00000, 0x000000008bb00000| Untracked 
| 188|0x000000008bc00000, 0x000000008bd00000, 0x000000008bd00000|100%| O|  |TAMS 0x000000008bd00000, 0x000000008bc00000| Untracked 
| 189|0x000000008bd00000, 0x000000008be00000, 0x000000008be00000|100%| O|  |TAMS 0x000000008be00000, 0x000000008bd00000| Untracked 
| 190|0x000000008be00000, 0x000000008bf00000, 0x000000008bf00000|100%| O|  |TAMS 0x000000008bf00000, 0x000000008be00000| Untracked 
| 191|0x000000008bf00000, 0x000000008c000000, 0x000000008c000000|100%| O|  |TAMS 0x000000008c000000, 0x000000008bf00000| Untracked 
| 192|0x000000008c000000, 0x000000008c100000, 0x000000008c100000|100%| O|  |TAMS 0x000000008c100000, 0x000000008c000000| Untracked 
| 193|0x000000008c100000, 0x000000008c200000, 0x000000008c200000|100%| O|  |TAMS 0x000000008c200000, 0x000000008c100000| Untracked 
| 194|0x000000008c200000, 0x000000008c300000, 0x000000008c300000|100%| O|  |TAMS 0x000000008c300000, 0x000000008c200000| Untracked 
| 195|0x000000008c300000, 0x000000008c400000, 0x000000008c400000|100%| O|  |TAMS 0x000000008c400000, 0x000000008c300000| Untracked 
| 196|0x000000008c400000, 0x000000008c500000, 0x000000008c500000|100%| O|  |TAMS 0x000000008c500000, 0x000000008c400000| Untracked 
| 197|0x000000008c500000, 0x000000008c600000, 0x000000008c600000|100%| O|  |TAMS 0x000000008c600000, 0x000000008c500000| Untracked 
| 198|0x000000008c600000, 0x000000008c700000, 0x000000008c700000|100%| O|  |TAMS 0x000000008c700000, 0x000000008c600000| Untracked 
| 199|0x000000008c700000, 0x000000008c800000, 0x000000008c800000|100%| O|  |TAMS 0x000000008c800000, 0x000000008c700000| Untracked 
| 200|0x000000008c800000, 0x000000008c900000, 0x000000008c900000|100%| O|  |TAMS 0x000000008c900000, 0x000000008c800000| Untracked 
| 201|0x000000008c900000, 0x000000008ca00000, 0x000000008ca00000|100%| O|  |TAMS 0x000000008ca00000, 0x000000008c900000| Untracked 
| 202|0x000000008ca00000, 0x000000008cb00000, 0x000000008cb00000|100%| O|  |TAMS 0x000000008cb00000, 0x000000008ca00000| Untracked 
| 203|0x000000008cb00000, 0x000000008cc00000, 0x000000008cc00000|100%| O|  |TAMS 0x000000008cc00000, 0x000000008cb00000| Untracked 
| 204|0x000000008cc00000, 0x000000008cd00000, 0x000000008cd00000|100%| O|  |TAMS 0x000000008cd00000, 0x000000008cc00000| Untracked 
| 205|0x000000008cd00000, 0x000000008ce00000, 0x000000008ce00000|100%| O|  |TAMS 0x000000008ce00000, 0x000000008cd00000| Untracked 
| 206|0x000000008ce00000, 0x000000008cf00000, 0x000000008cf00000|100%| O|  |TAMS 0x000000008cf00000, 0x000000008ce00000| Untracked 
| 207|0x000000008cf00000, 0x000000008d000000, 0x000000008d000000|100%| O|  |TAMS 0x000000008d000000, 0x000000008cf00000| Untracked 
| 208|0x000000008d000000, 0x000000008d100000, 0x000000008d100000|100%| O|  |TAMS 0x000000008d100000, 0x000000008d000000| Untracked 
| 209|0x000000008d100000, 0x000000008d200000, 0x000000008d200000|100%| O|  |TAMS 0x000000008d200000, 0x000000008d100000| Untracked 
| 210|0x000000008d200000, 0x000000008d300000, 0x000000008d300000|100%| O|  |TAMS 0x000000008d300000, 0x000000008d200000| Untracked 
| 211|0x000000008d300000, 0x000000008d400000, 0x000000008d400000|100%| O|  |TAMS 0x000000008d400000, 0x000000008d300000| Untracked 
| 212|0x000000008d400000, 0x000000008d500000, 0x000000008d500000|100%| O|  |TAMS 0x000000008d500000, 0x000000008d400000| Untracked 
| 213|0x000000008d500000, 0x000000008d600000, 0x000000008d600000|100%| O|  |TAMS 0x000000008d600000, 0x000000008d500000| Untracked 
| 214|0x000000008d600000, 0x000000008d700000, 0x000000008d700000|100%| O|  |TAMS 0x000000008d700000, 0x000000008d600000| Untracked 
| 215|0x000000008d700000, 0x000000008d800000, 0x000000008d800000|100%| O|  |TAMS 0x000000008d800000, 0x000000008d700000| Untracked 
| 216|0x000000008d800000, 0x000000008d900000, 0x000000008d900000|100%| O|  |TAMS 0x000000008d900000, 0x000000008d800000| Untracked 
| 217|0x000000008d900000, 0x000000008da00000, 0x000000008da00000|100%| O|  |TAMS 0x000000008da00000, 0x000000008d900000| Untracked 
| 218|0x000000008da00000, 0x000000008db00000, 0x000000008db00000|100%| O|  |TAMS 0x000000008db00000, 0x000000008da00000| Untracked 
| 219|0x000000008db00000, 0x000000008dc00000, 0x000000008dc00000|100%| O|  |TAMS 0x000000008dc00000, 0x000000008db00000| Untracked 
| 220|0x000000008dc00000, 0x000000008dd00000, 0x000000008dd00000|100%| O|  |TAMS 0x000000008dd00000, 0x000000008dc00000| Untracked 
| 221|0x000000008dd00000, 0x000000008de00000, 0x000000008de00000|100%| O|  |TAMS 0x000000008de00000, 0x000000008dd00000| Untracked 
| 222|0x000000008de00000, 0x000000008df00000, 0x000000008df00000|100%| O|  |TAMS 0x000000008df00000, 0x000000008de00000| Untracked 
| 223|0x000000008df00000, 0x000000008e000000, 0x000000008e000000|100%| O|  |TAMS 0x000000008e000000, 0x000000008df00000| Untracked 
| 224|0x000000008e000000, 0x000000008e100000, 0x000000008e100000|100%| O|  |TAMS 0x000000008e100000, 0x000000008e000000| Untracked 
| 225|0x000000008e100000, 0x000000008e200000, 0x000000008e200000|100%| O|  |TAMS 0x000000008e200000, 0x000000008e100000| Untracked 
| 226|0x000000008e200000, 0x000000008e300000, 0x000000008e300000|100%| O|  |TAMS 0x000000008e300000, 0x000000008e200000| Untracked 
| 227|0x000000008e300000, 0x000000008e400000, 0x000000008e400000|100%| O|  |TAMS 0x000000008e400000, 0x000000008e300000| Untracked 
| 228|0x000000008e400000, 0x000000008e500000, 0x000000008e500000|100%| O|  |TAMS 0x000000008e500000, 0x000000008e400000| Untracked 
| 229|0x000000008e500000, 0x000000008e600000, 0x000000008e600000|100%| O|  |TAMS 0x000000008e600000, 0x000000008e500000| Untracked 
| 230|0x000000008e600000, 0x000000008e700000, 0x000000008e700000|100%| O|  |TAMS 0x000000008e700000, 0x000000008e600000| Untracked 
| 231|0x000000008e700000, 0x000000008e800000, 0x000000008e800000|100%| O|  |TAMS 0x000000008e800000, 0x000000008e700000| Untracked 
| 232|0x000000008e800000, 0x000000008e900000, 0x000000008e900000|100%| O|  |TAMS 0x000000008e900000, 0x000000008e800000| Untracked 
| 233|0x000000008e900000, 0x000000008ea00000, 0x000000008ea00000|100%| O|  |TAMS 0x000000008ea00000, 0x000000008e900000| Untracked 
| 234|0x000000008ea00000, 0x000000008eb00000, 0x000000008eb00000|100%| O|  |TAMS 0x000000008eb00000, 0x000000008ea00000| Untracked 
| 235|0x000000008eb00000, 0x000000008ec00000, 0x000000008ec00000|100%| O|  |TAMS 0x000000008ec00000, 0x000000008eb00000| Untracked 
| 236|0x000000008ec00000, 0x000000008ed00000, 0x000000008ed00000|100%| O|  |TAMS 0x000000008ed00000, 0x000000008ec00000| Untracked 
| 237|0x000000008ed00000, 0x000000008ee00000, 0x000000008ee00000|100%| O|  |TAMS 0x000000008ee00000, 0x000000008ed00000| Untracked 
| 238|0x000000008ee00000, 0x000000008ef00000, 0x000000008ef00000|100%| O|  |TAMS 0x000000008ee80000, 0x000000008ee00000| Untracked 
| 239|0x000000008ef00000, 0x000000008f000000, 0x000000008f000000|100%| O|  |TAMS 0x000000008ef00000, 0x000000008ef00000| Untracked 
| 240|0x000000008f000000, 0x000000008f100000, 0x000000008f100000|100%| O|  |TAMS 0x000000008f000000, 0x000000008f000000| Untracked 
| 241|0x000000008f100000, 0x000000008f200000, 0x000000008f200000|100%| O|  |TAMS 0x000000008f100000, 0x000000008f100000| Untracked 
| 242|0x000000008f200000, 0x000000008f300000, 0x000000008f300000|100%| O|  |TAMS 0x000000008f200000, 0x000000008f200000| Untracked 
| 243|0x000000008f300000, 0x000000008f400000, 0x000000008f400000|100%| O|  |TAMS 0x000000008f300000, 0x000000008f300000| Untracked 
| 244|0x000000008f400000, 0x000000008f500000, 0x000000008f500000|100%| O|  |TAMS 0x000000008f400000, 0x000000008f400000| Untracked 
| 245|0x000000008f500000, 0x000000008f600000, 0x000000008f600000|100%| O|  |TAMS 0x000000008f500000, 0x000000008f500000| Untracked 
| 246|0x000000008f600000, 0x000000008f700000, 0x000000008f700000|100%| O|  |TAMS 0x000000008f600000, 0x000000008f600000| Untracked 
| 247|0x000000008f700000, 0x000000008f800000, 0x000000008f800000|100%| O|  |TAMS 0x000000008f700000, 0x000000008f700000| Untracked 
| 248|0x000000008f800000, 0x000000008f900000, 0x000000008f900000|100%| O|  |TAMS 0x000000008f800000, 0x000000008f800000| Untracked 
| 249|0x000000008f900000, 0x000000008fa00000, 0x000000008fa00000|100%| O|  |TAMS 0x000000008f900000, 0x000000008f900000| Untracked 
| 250|0x000000008fa00000, 0x000000008fb00000, 0x000000008fb00000|100%| O|  |TAMS 0x000000008fa00000, 0x000000008fa00000| Untracked 
| 251|0x000000008fb00000, 0x000000008fc00000, 0x000000008fc00000|100%| O|  |TAMS 0x000000008fb00000, 0x000000008fb00000| Untracked 
| 252|0x000000008fc00000, 0x000000008fd00000, 0x000000008fd00000|100%| O|  |TAMS 0x000000008fc00000, 0x000000008fc00000| Untracked 
| 253|0x000000008fd00000, 0x000000008fe00000, 0x000000008fe00000|100%| O|  |TAMS 0x000000008fd00000, 0x000000008fd00000| Untracked 
| 254|0x000000008fe00000, 0x000000008ff00000, 0x000000008ff00000|100%| O|  |TAMS 0x000000008fe00000, 0x000000008fe00000| Untracked 
| 255|0x000000008ff00000, 0x0000000090000000, 0x0000000090000000|100%| O|  |TAMS 0x000000008ff00000, 0x000000008ff00000| Untracked 
| 256|0x0000000090000000, 0x0000000090100000, 0x0000000090100000|100%| O|  |TAMS 0x0000000090000000, 0x0000000090000000| Untracked 
| 257|0x0000000090100000, 0x0000000090200000, 0x0000000090200000|100%| O|  |TAMS 0x0000000090100000, 0x0000000090100000| Untracked 
| 258|0x0000000090200000, 0x0000000090300000, 0x0000000090300000|100%| O|  |TAMS 0x0000000090200000, 0x0000000090200000| Untracked 
| 259|0x0000000090300000, 0x0000000090380000, 0x0000000090400000| 50%| O|  |TAMS 0x0000000090300000, 0x0000000090300000| Untracked 
| 260|0x0000000090400000, 0x0000000090400000, 0x0000000090500000|  0%| F|  |TAMS 0x0000000090400000, 0x0000000090400000| Untracked 
| 261|0x0000000090500000, 0x0000000090500000, 0x0000000090600000|  0%| F|  |TAMS 0x0000000090500000, 0x0000000090500000| Untracked 
| 262|0x0000000090600000, 0x0000000090600000, 0x0000000090700000|  0%| F|  |TAMS 0x0000000090600000, 0x0000000090600000| Untracked 
| 263|0x0000000090700000, 0x0000000090700000, 0x0000000090800000|  0%| F|  |TAMS 0x0000000090700000, 0x0000000090700000| Untracked 
| 264|0x0000000090800000, 0x0000000090800000, 0x0000000090900000|  0%| F|  |TAMS 0x0000000090800000, 0x0000000090800000| Untracked 
| 265|0x0000000090900000, 0x0000000090900000, 0x0000000090a00000|  0%| F|  |TAMS 0x0000000090900000, 0x0000000090900000| Untracked 
| 266|0x0000000090a00000, 0x0000000090a00000, 0x0000000090b00000|  0%| F|  |TAMS 0x0000000090a00000, 0x0000000090a00000| Untracked 
| 267|0x0000000090b00000, 0x0000000090b00000, 0x0000000090c00000|  0%| F|  |TAMS 0x0000000090b00000, 0x0000000090b00000| Untracked 
| 268|0x0000000090c00000, 0x0000000090c00000, 0x0000000090d00000|  0%| F|  |TAMS 0x0000000090c00000, 0x0000000090c00000| Untracked 
| 269|0x0000000090d00000, 0x0000000090d00000, 0x0000000090e00000|  0%| F|  |TAMS 0x0000000090d00000, 0x0000000090d00000| Untracked 
| 270|0x0000000090e00000, 0x0000000090e00000, 0x0000000090f00000|  0%| F|  |TAMS 0x0000000090e00000, 0x0000000090e00000| Untracked 
| 271|0x0000000090f00000, 0x0000000090f00000, 0x0000000091000000|  0%| F|  |TAMS 0x0000000090f00000, 0x0000000090f00000| Untracked 
| 272|0x0000000091000000, 0x0000000091000000, 0x0000000091100000|  0%| F|  |TAMS 0x0000000091000000, 0x0000000091000000| Untracked 
| 273|0x0000000091100000, 0x0000000091100000, 0x0000000091200000|  0%| F|  |TAMS 0x0000000091100000, 0x0000000091100000| Untracked 
| 274|0x0000000091200000, 0x0000000091200000, 0x0000000091300000|  0%| F|  |TAMS 0x0000000091200000, 0x0000000091200000| Untracked 
| 275|0x0000000091300000, 0x0000000091300000, 0x0000000091400000|  0%| F|  |TAMS 0x0000000091300000, 0x0000000091300000| Untracked 
| 276|0x0000000091400000, 0x0000000091400000, 0x0000000091500000|  0%| F|  |TAMS 0x0000000091400000, 0x0000000091400000| Untracked 
| 277|0x0000000091500000, 0x0000000091500000, 0x0000000091600000|  0%| F|  |TAMS 0x0000000091500000, 0x0000000091500000| Untracked 
| 278|0x0000000091600000, 0x0000000091600000, 0x0000000091700000|  0%| F|  |TAMS 0x0000000091600000, 0x0000000091600000| Untracked 
| 279|0x0000000091700000, 0x0000000091700000, 0x0000000091800000|  0%| F|  |TAMS 0x0000000091700000, 0x0000000091700000| Untracked 
| 280|0x0000000091800000, 0x0000000091800000, 0x0000000091900000|  0%| F|  |TAMS 0x0000000091800000, 0x0000000091800000| Untracked 
| 281|0x0000000091900000, 0x0000000091900000, 0x0000000091a00000|  0%| F|  |TAMS 0x0000000091900000, 0x0000000091900000| Untracked 
| 282|0x0000000091a00000, 0x0000000091a00000, 0x0000000091b00000|  0%| F|  |TAMS 0x0000000091a00000, 0x0000000091a00000| Untracked 
| 283|0x0000000091b00000, 0x0000000091b00000, 0x0000000091c00000|  0%| F|  |TAMS 0x0000000091b00000, 0x0000000091b00000| Untracked 
| 284|0x0000000091c00000, 0x0000000091c00000, 0x0000000091d00000|  0%| F|  |TAMS 0x0000000091c00000, 0x0000000091c00000| Untracked 
| 285|0x0000000091d00000, 0x0000000091d00000, 0x0000000091e00000|  0%| F|  |TAMS 0x0000000091d00000, 0x0000000091d00000| Untracked 
| 286|0x0000000091e00000, 0x0000000091e00000, 0x0000000091f00000|  0%| F|  |TAMS 0x0000000091e00000, 0x0000000091e00000| Untracked 
| 287|0x0000000091f00000, 0x0000000091f00000, 0x0000000092000000|  0%| F|  |TAMS 0x0000000091f00000, 0x0000000091f00000| Untracked 
| 288|0x0000000092000000, 0x0000000092000000, 0x0000000092100000|  0%| F|  |TAMS 0x0000000092000000, 0x0000000092000000| Untracked 
| 289|0x0000000092100000, 0x0000000092100000, 0x0000000092200000|  0%| F|  |TAMS 0x0000000092100000, 0x0000000092100000| Untracked 
| 290|0x0000000092200000, 0x0000000092200000, 0x0000000092300000|  0%| F|  |TAMS 0x0000000092200000, 0x0000000092200000| Untracked 
| 291|0x0000000092300000, 0x0000000092300000, 0x0000000092400000|  0%| F|  |TAMS 0x0000000092300000, 0x0000000092300000| Untracked 
| 292|0x0000000092400000, 0x0000000092400000, 0x0000000092500000|  0%| F|  |TAMS 0x0000000092400000, 0x0000000092400000| Untracked 
| 293|0x0000000092500000, 0x0000000092500000, 0x0000000092600000|  0%| F|  |TAMS 0x0000000092500000, 0x0000000092500000| Untracked 
| 294|0x0000000092600000, 0x0000000092600000, 0x0000000092700000|  0%| F|  |TAMS 0x0000000092600000, 0x0000000092600000| Untracked 
| 295|0x0000000092700000, 0x0000000092700000, 0x0000000092800000|  0%| F|  |TAMS 0x0000000092700000, 0x0000000092700000| Untracked 
| 296|0x0000000092800000, 0x0000000092800000, 0x0000000092900000|  0%| F|  |TAMS 0x0000000092800000, 0x0000000092800000| Untracked 
| 297|0x0000000092900000, 0x0000000092900000, 0x0000000092a00000|  0%| F|  |TAMS 0x0000000092900000, 0x0000000092900000| Untracked 
| 298|0x0000000092a00000, 0x0000000092a00000, 0x0000000092b00000|  0%| F|  |TAMS 0x0000000092a00000, 0x0000000092a00000| Untracked 
| 299|0x0000000092b00000, 0x0000000092b00000, 0x0000000092c00000|  0%| F|  |TAMS 0x0000000092b00000, 0x0000000092b00000| Untracked 
| 300|0x0000000092c00000, 0x0000000092c00000, 0x0000000092d00000|  0%| F|  |TAMS 0x0000000092c00000, 0x0000000092c00000| Untracked 
| 301|0x0000000092d00000, 0x0000000092d00000, 0x0000000092e00000|  0%| F|  |TAMS 0x0000000092d00000, 0x0000000092d00000| Untracked 
| 302|0x0000000092e00000, 0x0000000092e00000, 0x0000000092f00000|  0%| F|  |TAMS 0x0000000092e00000, 0x0000000092e00000| Untracked 
| 303|0x0000000092f00000, 0x0000000092f00000, 0x0000000093000000|  0%| F|  |TAMS 0x0000000092f00000, 0x0000000092f00000| Untracked 
| 304|0x0000000093000000, 0x0000000093000000, 0x0000000093100000|  0%| F|  |TAMS 0x0000000093000000, 0x0000000093000000| Untracked 
| 305|0x0000000093100000, 0x0000000093100000, 0x0000000093200000|  0%| F|  |TAMS 0x0000000093100000, 0x0000000093100000| Untracked 
| 306|0x0000000093200000, 0x0000000093200000, 0x0000000093300000|  0%| F|  |TAMS 0x0000000093200000, 0x0000000093200000| Untracked 
| 307|0x0000000093300000, 0x0000000093300000, 0x0000000093400000|  0%| F|  |TAMS 0x0000000093300000, 0x0000000093300000| Untracked 
| 308|0x0000000093400000, 0x0000000093400000, 0x0000000093500000|  0%| F|  |TAMS 0x0000000093400000, 0x0000000093400000| Untracked 
| 309|0x0000000093500000, 0x0000000093500000, 0x0000000093600000|  0%| F|  |TAMS 0x0000000093500000, 0x0000000093500000| Untracked 
| 310|0x0000000093600000, 0x0000000093600000, 0x0000000093700000|  0%| F|  |TAMS 0x0000000093600000, 0x0000000093600000| Untracked 
| 311|0x0000000093700000, 0x0000000093700000, 0x0000000093800000|  0%| F|  |TAMS 0x0000000093700000, 0x0000000093700000| Untracked 
| 312|0x0000000093800000, 0x0000000093800000, 0x0000000093900000|  0%| F|  |TAMS 0x0000000093800000, 0x0000000093800000| Untracked 
| 313|0x0000000093900000, 0x0000000093900000, 0x0000000093a00000|  0%| F|  |TAMS 0x0000000093900000, 0x0000000093900000| Untracked 
| 314|0x0000000093a00000, 0x0000000093a00000, 0x0000000093b00000|  0%| F|  |TAMS 0x0000000093a00000, 0x0000000093a00000| Untracked 
| 315|0x0000000093b00000, 0x0000000093b00000, 0x0000000093c00000|  0%| F|  |TAMS 0x0000000093b00000, 0x0000000093b00000| Untracked 
| 316|0x0000000093c00000, 0x0000000093c00000, 0x0000000093d00000|  0%| F|  |TAMS 0x0000000093c00000, 0x0000000093c00000| Untracked 
| 317|0x0000000093d00000, 0x0000000093d00000, 0x0000000093e00000|  0%| F|  |TAMS 0x0000000093d00000, 0x0000000093d00000| Untracked 
| 318|0x0000000093e00000, 0x0000000093e00000, 0x0000000093f00000|  0%| F|  |TAMS 0x0000000093e00000, 0x0000000093e00000| Untracked 
| 319|0x0000000093f00000, 0x0000000093f00000, 0x0000000094000000|  0%| F|  |TAMS 0x0000000093f00000, 0x0000000093f00000| Untracked 
| 320|0x0000000094000000, 0x0000000094000000, 0x0000000094100000|  0%| F|  |TAMS 0x0000000094000000, 0x0000000094000000| Untracked 
| 321|0x0000000094100000, 0x0000000094100000, 0x0000000094200000|  0%| F|  |TAMS 0x0000000094100000, 0x0000000094100000| Untracked 
| 322|0x0000000094200000, 0x0000000094200000, 0x0000000094300000|  0%| F|  |TAMS 0x0000000094200000, 0x0000000094200000| Untracked 
| 323|0x0000000094300000, 0x0000000094300000, 0x0000000094400000|  0%| F|  |TAMS 0x0000000094300000, 0x0000000094300000| Untracked 
| 324|0x0000000094400000, 0x0000000094400000, 0x0000000094500000|  0%| F|  |TAMS 0x0000000094400000, 0x0000000094400000| Untracked 
| 325|0x0000000094500000, 0x0000000094500000, 0x0000000094600000|  0%| F|  |TAMS 0x0000000094500000, 0x0000000094500000| Untracked 
| 326|0x0000000094600000, 0x0000000094600000, 0x0000000094700000|  0%| F|  |TAMS 0x0000000094600000, 0x0000000094600000| Untracked 
| 327|0x0000000094700000, 0x0000000094700000, 0x0000000094800000|  0%| F|  |TAMS 0x0000000094700000, 0x0000000094700000| Untracked 
| 328|0x0000000094800000, 0x0000000094800000, 0x0000000094900000|  0%| F|  |TAMS 0x0000000094800000, 0x0000000094800000| Untracked 
| 329|0x0000000094900000, 0x0000000094a00000, 0x0000000094a00000|100%| S|CS|TAMS 0x0000000094900000, 0x0000000094900000| Complete 
| 330|0x0000000094a00000, 0x0000000094b00000, 0x0000000094b00000|100%| S|CS|TAMS 0x0000000094a00000, 0x0000000094a00000| Complete 
| 331|0x0000000094b00000, 0x0000000094b00000, 0x0000000094c00000|  0%| F|  |TAMS 0x0000000094b00000, 0x0000000094b00000| Untracked 
| 332|0x0000000094c00000, 0x0000000094c00000, 0x0000000094d00000|  0%| F|  |TAMS 0x0000000094c00000, 0x0000000094c00000| Untracked 
| 333|0x0000000094d00000, 0x0000000094d00000, 0x0000000094e00000|  0%| F|  |TAMS 0x0000000094d00000, 0x0000000094d00000| Untracked 
| 334|0x0000000094e00000, 0x0000000094e00000, 0x0000000094f00000|  0%| F|  |TAMS 0x0000000094e00000, 0x0000000094e00000| Untracked 
| 335|0x0000000094f00000, 0x0000000094f00000, 0x0000000095000000|  0%| F|  |TAMS 0x0000000094f00000, 0x0000000094f00000| Untracked 
| 336|0x0000000095000000, 0x0000000095000000, 0x0000000095100000|  0%| F|  |TAMS 0x0000000095000000, 0x0000000095000000| Untracked 
| 337|0x0000000095100000, 0x0000000095200000, 0x0000000095200000|100%| S|CS|TAMS 0x0000000095100000, 0x0000000095100000| Complete 
| 338|0x0000000095200000, 0x0000000095300000, 0x0000000095300000|100%| S|CS|TAMS 0x0000000095200000, 0x0000000095200000| Complete 
| 339|0x0000000095300000, 0x0000000095400000, 0x0000000095400000|100%| S|CS|TAMS 0x0000000095300000, 0x0000000095300000| Complete 
| 340|0x0000000095400000, 0x0000000095500000, 0x0000000095500000|100%| S|CS|TAMS 0x0000000095400000, 0x0000000095400000| Complete 
| 341|0x0000000095500000, 0x0000000095500000, 0x0000000095600000|  0%| F|  |TAMS 0x0000000095500000, 0x0000000095500000| Untracked 
| 342|0x0000000095600000, 0x0000000095600000, 0x0000000095700000|  0%| F|  |TAMS 0x0000000095600000, 0x0000000095600000| Untracked 
| 343|0x0000000095700000, 0x0000000095700000, 0x0000000095800000|  0%| F|  |TAMS 0x0000000095700000, 0x0000000095700000| Untracked 
| 344|0x0000000095800000, 0x0000000095800000, 0x0000000095900000|  0%| F|  |TAMS 0x0000000095800000, 0x0000000095800000| Untracked 
| 345|0x0000000095900000, 0x0000000095900000, 0x0000000095a00000|  0%| F|  |TAMS 0x0000000095900000, 0x0000000095900000| Untracked 
| 346|0x0000000095a00000, 0x0000000095a00000, 0x0000000095b00000|  0%| F|  |TAMS 0x0000000095a00000, 0x0000000095a00000| Untracked 
| 347|0x0000000095b00000, 0x0000000095b00000, 0x0000000095c00000|  0%| F|  |TAMS 0x0000000095b00000, 0x0000000095b00000| Untracked 
| 348|0x0000000095c00000, 0x0000000095c00000, 0x0000000095d00000|  0%| F|  |TAMS 0x0000000095c00000, 0x0000000095c00000| Untracked 
| 349|0x0000000095d00000, 0x0000000095d00000, 0x0000000095e00000|  0%| F|  |TAMS 0x0000000095d00000, 0x0000000095d00000| Untracked 
| 350|0x0000000095e00000, 0x0000000095e00000, 0x0000000095f00000|  0%| F|  |TAMS 0x0000000095e00000, 0x0000000095e00000| Untracked 
| 351|0x0000000095f00000, 0x0000000095f00000, 0x0000000096000000|  0%| F|  |TAMS 0x0000000095f00000, 0x0000000095f00000| Untracked 
| 352|0x0000000096000000, 0x0000000096000000, 0x0000000096100000|  0%| F|  |TAMS 0x0000000096000000, 0x0000000096000000| Untracked 
| 353|0x0000000096100000, 0x0000000096100000, 0x0000000096200000|  0%| F|  |TAMS 0x0000000096100000, 0x0000000096100000| Untracked 
| 354|0x0000000096200000, 0x0000000096200000, 0x0000000096300000|  0%| F|  |TAMS 0x0000000096200000, 0x0000000096200000| Untracked 
| 355|0x0000000096300000, 0x0000000096300000, 0x0000000096400000|  0%| F|  |TAMS 0x0000000096300000, 0x0000000096300000| Untracked 
| 356|0x0000000096400000, 0x0000000096400000, 0x0000000096500000|  0%| F|  |TAMS 0x0000000096400000, 0x0000000096400000| Untracked 
| 357|0x0000000096500000, 0x0000000096500000, 0x0000000096600000|  0%| F|  |TAMS 0x0000000096500000, 0x0000000096500000| Untracked 
| 358|0x0000000096600000, 0x0000000096600000, 0x0000000096700000|  0%| F|  |TAMS 0x0000000096600000, 0x0000000096600000| Untracked 
| 359|0x0000000096700000, 0x0000000096700000, 0x0000000096800000|  0%| F|  |TAMS 0x0000000096700000, 0x0000000096700000| Untracked 
| 360|0x0000000096800000, 0x0000000096800000, 0x0000000096900000|  0%| F|  |TAMS 0x0000000096800000, 0x0000000096800000| Untracked 
| 361|0x0000000096900000, 0x0000000096900000, 0x0000000096a00000|  0%| F|  |TAMS 0x0000000096900000, 0x0000000096900000| Untracked 
| 362|0x0000000096a00000, 0x0000000096a00000, 0x0000000096b00000|  0%| F|  |TAMS 0x0000000096a00000, 0x0000000096a00000| Untracked 
| 363|0x0000000096b00000, 0x0000000096b00000, 0x0000000096c00000|  0%| F|  |TAMS 0x0000000096b00000, 0x0000000096b00000| Untracked 
| 364|0x0000000096c00000, 0x0000000096c00000, 0x0000000096d00000|  0%| F|  |TAMS 0x0000000096c00000, 0x0000000096c00000| Untracked 
| 365|0x0000000096d00000, 0x0000000096d00000, 0x0000000096e00000|  0%| F|  |TAMS 0x0000000096d00000, 0x0000000096d00000| Untracked 
| 366|0x0000000096e00000, 0x0000000096e00000, 0x0000000096f00000|  0%| F|  |TAMS 0x0000000096e00000, 0x0000000096e00000| Untracked 
| 367|0x0000000096f00000, 0x0000000096f00000, 0x0000000097000000|  0%| F|  |TAMS 0x0000000096f00000, 0x0000000096f00000| Untracked 
| 368|0x0000000097000000, 0x0000000097000000, 0x0000000097100000|  0%| F|  |TAMS 0x0000000097000000, 0x0000000097000000| Untracked 
| 369|0x0000000097100000, 0x0000000097100000, 0x0000000097200000|  0%| F|  |TAMS 0x0000000097100000, 0x0000000097100000| Untracked 
| 370|0x0000000097200000, 0x0000000097200000, 0x0000000097300000|  0%| F|  |TAMS 0x0000000097200000, 0x0000000097200000| Untracked 
| 371|0x0000000097300000, 0x0000000097300000, 0x0000000097400000|  0%| F|  |TAMS 0x0000000097300000, 0x0000000097300000| Untracked 
| 372|0x0000000097400000, 0x0000000097400000, 0x0000000097500000|  0%| F|  |TAMS 0x0000000097400000, 0x0000000097400000| Untracked 
| 373|0x0000000097500000, 0x0000000097500000, 0x0000000097600000|  0%| F|  |TAMS 0x0000000097500000, 0x0000000097500000| Untracked 
| 374|0x0000000097600000, 0x0000000097600000, 0x0000000097700000|  0%| F|  |TAMS 0x0000000097600000, 0x0000000097600000| Untracked 
| 375|0x0000000097700000, 0x0000000097700000, 0x0000000097800000|  0%| F|  |TAMS 0x0000000097700000, 0x0000000097700000| Untracked 
| 376|0x0000000097800000, 0x0000000097800000, 0x0000000097900000|  0%| F|  |TAMS 0x0000000097800000, 0x0000000097800000| Untracked 
| 377|0x0000000097900000, 0x0000000097900000, 0x0000000097a00000|  0%| F|  |TAMS 0x0000000097900000, 0x0000000097900000| Untracked 
| 378|0x0000000097a00000, 0x0000000097a00000, 0x0000000097b00000|  0%| F|  |TAMS 0x0000000097a00000, 0x0000000097a00000| Untracked 
| 379|0x0000000097b00000, 0x0000000097b00000, 0x0000000097c00000|  0%| F|  |TAMS 0x0000000097b00000, 0x0000000097b00000| Untracked 
| 380|0x0000000097c00000, 0x0000000097c00000, 0x0000000097d00000|  0%| F|  |TAMS 0x0000000097c00000, 0x0000000097c00000| Untracked 

Card table byte_map: [0x00000279cd230000,0x00000279cd630000] _byte_map_base: 0x00000279cce30000

Marking Bits (Prev, Next): (CMBitMap*) 0x00000279ba7581c8, (CMBitMap*) 0x00000279ba758200
 Prev Bits: [0x00000279cda30000, 0x00000279cfa30000)
 Next Bits: [0x00000279cfa30000, 0x00000279d1a30000)

Polling page: 0x00000279b8670000

Metaspace:

Usage:
  Non-class:     83.64 MB capacity,    82.17 MB ( 98%) used,     1.20 MB (  1%) free+waste,   271.50 KB ( <1%) overhead. 
      Class:     13.06 MB capacity,    12.23 MB ( 94%) used,   732.37 KB (  5%) free+waste,   120.31 KB ( <1%) overhead. 
       Both:     96.70 MB capacity,    94.41 MB ( 98%) used,     1.91 MB (  2%) free+waste,   391.81 KB ( <1%) overhead. 

Virtual space:
  Non-class space:       84.00 MB reserved,      83.68 MB (>99%) committed 
      Class space:        1.00 GB reserved,      13.20 MB (  1%) committed 
             Both:        1.08 GB reserved,      96.88 MB (  9%) committed 

Chunk freelists:
   Non-Class:  37.00 KB
       Class:  30.00 KB
        Both:  67.00 KB

MaxMetaspaceSize: 17179869184.00 GB
CompressedClassSpaceSize: 1.00 GB
Initial GC threshold: 20.80 MB
Current GC threshold: 161.46 MB
CDS: off

CodeHeap 'non-profiled nmethods': size=120064Kb used=6216Kb max_used=6216Kb free=113847Kb
 bounds [0x00000279c5cf0000, 0x00000279c6310000, 0x00000279cd230000]
CodeHeap 'profiled nmethods': size=120000Kb used=25209Kb max_used=25209Kb free=94790Kb
 bounds [0x00000279be7c0000, 0x00000279c0060000, 0x00000279c5cf0000]
CodeHeap 'non-nmethods': size=5696Kb used=2399Kb max_used=2462Kb free=3296Kb
 bounds [0x00000279be230000, 0x00000279be4b0000, 0x00000279be7c0000]
 total_blobs=12988 nmethods=12066 adapters=833
 compilation: enabled
              stopped_count=0, restarted_count=0
 full_count=0

Compilation events (20 events):
Event: 33.096 Thread 0x00000279d3e5e000 12271       2       sun.management.spi.PlatformMBeanProvider$PlatformComponent$$Lambda$67/0x0000000100185040::apply (9 bytes)
Event: 33.097 Thread 0x00000279d3e5e000 nmethod 12271 0x00000279c005bc90 code [0x00000279c005be60, 0x00000279c005c078]
Event: 33.234 Thread 0x00000279d3e5e000 12278       2       com.android.tools.r8.code.q0::<init> (7 bytes)
Event: 33.235 Thread 0x00000279d3e5e000 nmethod 12278 0x00000279c005c190 code [0x00000279c005c360, 0x00000279c005c598]
Event: 33.313 Thread 0x00000279d3e5e000 12281       2       org.gradle.internal.serialize.InputStreamBackedDecoder::readInt (8 bytes)
Event: 33.313 Thread 0x00000279d3e5e000 nmethod 12281 0x00000279c005c790 code [0x00000279c005c940, 0x00000279c005ca68]
Event: 33.315 Thread 0x00000279d3e5e000 12282       2       com.google.common.collect.TransformedIterator::next (14 bytes)
Event: 33.315 Thread 0x00000279d3e5e000 nmethod 12282 0x00000279c005cb10 code [0x00000279c005cce0, 0x00000279c005ce38]
Event: 33.328 Thread 0x00000279d3e5e000 12283       2       com.android.tools.r8.code.v::<init> (7 bytes)
Event: 33.328 Thread 0x00000279d3e5e000 nmethod 12283 0x00000279c005cf10 code [0x00000279c005d0c0, 0x00000279c005d218]
Event: 33.341 Thread 0x00000279d3e5e000 12284       2       com.android.tools.r8.code.C2::<init> (7 bytes)
Event: 33.341 Thread 0x00000279d3e5e000 nmethod 12284 0x00000279c005d310 code [0x00000279c005d4c0, 0x00000279c005d618]
Event: 33.385 Thread 0x00000279d3e5e000 12285       2       com.android.tools.r8.code.m0::<init> (7 bytes)
Event: 33.386 Thread 0x00000279d3e5e000 nmethod 12285 0x00000279c005d710 code [0x00000279c005d8e0, 0x00000279c005db18]
Event: 33.458 Thread 0x00000279d3e5e000 12286       2       com.android.tools.r8.code.d::<init> (7 bytes)
Event: 33.459 Thread 0x00000279d3e5e000 nmethod 12286 0x00000279c005dd10 code [0x00000279c005dee0, 0x00000279c005e118]
Event: 33.460 Thread 0x00000279d3e5e000 12287       2       com.android.tools.r8.code.u2::<init> (7 bytes)
Event: 33.461 Thread 0x00000279d3e25000 nmethod 12219% 0x00000279c62f4610 code [0x00000279c62f4c40, 0x00000279c62fba30]
Event: 33.461 Thread 0x00000279d3e5e000 nmethod 12287 0x00000279c005e310 code [0x00000279c005e4c0, 0x00000279c005e618]
Event: 33.461 Thread 0x00000279d3e25000 12224 %     4       com.android.tools.r8.code.y1::a @ 20 (4129 bytes)

GC Heap History (20 events):
Event: 25.377 GC heap after
{Heap after GC invocations=25 (full 0):
 garbage-first heap   total 324608K, used 136192K [0x0000000080000000, 0x0000000100000000)
  region size 1024K, 0 young (0K), 0 survivors (0K)
 Metaspace       used 94137K, capacity 96348K, committed 96640K, reserved 1132544K
  class space    used 12061K, capacity 12875K, committed 13004K, reserved 1048576K
}
Event: 26.271 GC heap before
{Heap before GC invocations=26 (full 0):
 garbage-first heap   total 324608K, used 191488K [0x0000000080000000, 0x0000000100000000)
  region size 1024K, 37 young (37888K), 0 survivors (0K)
 Metaspace       used 94327K, capacity 96580K, committed 96896K, reserved 1132544K
  class space    used 12084K, capacity 12909K, committed 13004K, reserved 1048576K
}
Event: 26.337 GC heap after
{Heap after GC invocations=27 (full 0):
 garbage-first heap   total 324608K, used 158720K [0x0000000080000000, 0x0000000100000000)
  region size 1024K, 13 young (13312K), 13 survivors (13312K)
 Metaspace       used 94327K, capacity 96580K, committed 96896K, reserved 1132544K
  class space    used 12084K, capacity 12909K, committed 13004K, reserved 1048576K
}
Event: 26.883 GC heap before
{Heap before GC invocations=28 (full 0):
 garbage-first heap   total 324608K, used 165888K [0x0000000080000000, 0x0000000100000000)
  region size 1024K, 19 young (19456K), 13 survivors (13312K)
 Metaspace       used 94328K, capacity 96644K, committed 96896K, reserved 1132544K
  class space    used 12084K, capacity 12909K, committed 13004K, reserved 1048576K
}
Event: 26.939 GC heap after
{Heap after GC invocations=29 (full 0):
 garbage-first heap   total 324608K, used 161701K [0x0000000080000000, 0x0000000100000000)
  region size 1024K, 3 young (3072K), 3 survivors (3072K)
 Metaspace       used 94328K, capacity 96644K, committed 96896K, reserved 1132544K
  class space    used 12084K, capacity 12909K, committed 13004K, reserved 1048576K
}
Event: 26.945 GC heap before
{Heap before GC invocations=29 (full 0):
 garbage-first heap   total 324608K, used 161701K [0x0000000080000000, 0x0000000100000000)
  region size 1024K, 4 young (4096K), 3 survivors (3072K)
 Metaspace       used 94328K, capacity 96644K, committed 96896K, reserved 1132544K
  class space    used 12084K, capacity 12909K, committed 13004K, reserved 1048576K
}
Event: 26.960 GC heap after
{Heap after GC invocations=30 (full 0):
 garbage-first heap   total 324608K, used 161503K [0x0000000080000000, 0x0000000100000000)
  region size 1024K, 3 young (3072K), 3 survivors (3072K)
 Metaspace       used 94328K, capacity 96644K, committed 96896K, reserved 1132544K
  class space    used 12084K, capacity 12909K, committed 13004K, reserved 1048576K
}
Event: 27.773 GC heap before
{Heap before GC invocations=31 (full 0):
 garbage-first heap   total 324608K, used 196319K [0x0000000080000000, 0x0000000100000000)
  region size 1024K, 37 young (37888K), 3 survivors (3072K)
 Metaspace       used 94329K, capacity 96644K, committed 96896K, reserved 1132544K
  class space    used 12084K, capacity 12909K, committed 13004K, reserved 1048576K
}
Event: 27.844 GC heap after
{Heap after GC invocations=32 (full 0):
 garbage-first heap   total 324608K, used 175104K [0x0000000080000000, 0x0000000100000000)
  region size 1024K, 5 young (5120K), 5 survivors (5120K)
 Metaspace       used 94329K, capacity 96644K, committed 96896K, reserved 1132544K
  class space    used 12084K, capacity 12909K, committed 13004K, reserved 1048576K
}
Event: 27.868 GC heap before
{Heap before GC invocations=32 (full 0):
 garbage-first heap   total 324608K, used 175104K [0x0000000080000000, 0x0000000100000000)
  region size 1024K, 6 young (6144K), 5 survivors (5120K)
 Metaspace       used 94329K, capacity 96644K, committed 96896K, reserved 1132544K
  class space    used 12084K, capacity 12909K, committed 13004K, reserved 1048576K
}
Event: 27.905 GC heap after
{Heap after GC invocations=33 (full 0):
 garbage-first heap   total 324608K, used 176522K [0x0000000080000000, 0x0000000100000000)
  region size 1024K, 1 young (1024K), 1 survivors (1024K)
 Metaspace       used 94329K, capacity 96644K, committed 96896K, reserved 1132544K
  class space    used 12084K, capacity 12909K, committed 13004K, reserved 1048576K
}
Event: 29.011 GC heap before
{Heap before GC invocations=34 (full 0):
 garbage-first heap   total 324608K, used 212362K [0x0000000080000000, 0x0000000100000000)
  region size 1024K, 31 young (31744K), 1 survivors (1024K)
 Metaspace       used 96596K, capacity 98953K, committed 99200K, reserved 1134592K
  class space    used 12524K, capacity 13378K, committed 13516K, reserved 1048576K
}
Event: 29.090 GC heap after
{Heap after GC invocations=35 (full 0):
 garbage-first heap   total 390144K, used 195072K [0x0000000080000000, 0x0000000100000000)
  region size 1024K, 4 young (4096K), 4 survivors (4096K)
 Metaspace       used 96596K, capacity 98953K, committed 99200K, reserved 1134592K
  class space    used 12524K, capacity 13378K, committed 13516K, reserved 1048576K
}
Event: 29.646 GC heap before
{Heap before GC invocations=35 (full 0):
 garbage-first heap   total 390144K, used 229888K [0x0000000080000000, 0x0000000100000000)
  region size 1024K, 38 young (38912K), 4 survivors (4096K)
 Metaspace       used 96659K, capacity 99020K, committed 99200K, reserved 1134592K
  class space    used 12524K, capacity 13378K, committed 13516K, reserved 1048576K
}
Event: 29.747 GC heap after
{Heap after GC invocations=36 (full 0):
 garbage-first heap   total 390144K, used 214016K [0x0000000080000000, 0x0000000100000000)
  region size 1024K, 5 young (5120K), 5 survivors (5120K)
 Metaspace       used 96659K, capacity 99020K, committed 99200K, reserved 1134592K
  class space    used 12524K, capacity 13378K, committed 13516K, reserved 1048576K
}
Event: 31.154 GC heap before
{Heap before GC invocations=37 (full 0):
 garbage-first heap   total 390144K, used 246784K [0x0000000080000000, 0x0000000100000000)
  region size 1024K, 39 young (39936K), 5 survivors (5120K)
 Metaspace       used 96666K, capacity 99025K, committed 99200K, reserved 1134592K
  class space    used 12524K, capacity 13378K, committed 13516K, reserved 1048576K
}
Event: 31.272 GC heap after
{Heap after GC invocations=38 (full 0):
 garbage-first heap   total 390144K, used 230400K [0x0000000080000000, 0x0000000100000000)
  region size 1024K, 5 young (5120K), 5 survivors (5120K)
 Metaspace       used 96666K, capacity 99025K, committed 99200K, reserved 1134592K
  class space    used 12524K, capacity 13378K, committed 13516K, reserved 1048576K
}
Event: 31.841 GC heap before
{Heap before GC invocations=38 (full 0):
 garbage-first heap   total 390144K, used 270336K [0x0000000080000000, 0x0000000100000000)
  region size 1024K, 44 young (45056K), 5 survivors (5120K)
 Metaspace       used 96669K, capacity 99025K, committed 99200K, reserved 1134592K
  class space    used 12524K, capacity 13378K, committed 13516K, reserved 1048576K
}
Event: 31.935 GC heap after
{Heap after GC invocations=39 (full 0):
 garbage-first heap   total 390144K, used 250368K [0x0000000080000000, 0x0000000100000000)
  region size 1024K, 6 young (6144K), 6 survivors (6144K)
 Metaspace       used 96669K, capacity 99025K, committed 99200K, reserved 1134592K
  class space    used 12524K, capacity 13378K, committed 13516K, reserved 1048576K
}
Event: 33.657 GC heap before
{Heap before GC invocations=40 (full 0):
 garbage-first heap   total 390144K, used 291328K [0x0000000080000000, 0x0000000100000000)
  region size 1024K, 46 young (47104K), 6 survivors (6144K)
 Metaspace       used 96672K, capacity 99025K, committed 99200K, reserved 1134592K
  class space    used 12525K, capacity 13378K, committed 13516K, reserved 1048576K
}

Deoptimization events (20 events):
Event: 32.357 Thread 0x00000279d8982800 Uncommon trap: trap_request=0xffffffbe fr.pc=0x00000279c62da41c relative=0x0000000000005c9c
Event: 32.357 Thread 0x00000279d8982800 Uncommon trap: reason=profile_predicate action=maybe_recompile pc=0x00000279c62da41c method=com.android.tools.r8.dex.j.a(I[Lcom/android/tools/r8/internal/Vf;[Lcom/android/tools/r8/internal/Wf;Z)[Lcom/android/tools/r8/graph/q0; @ 650 c2
Event: 32.357 Thread 0x00000279d8982800 DEOPT PACKING pc=0x00000279c62da41c sp=0x000000b3ec4fec60
Event: 32.357 Thread 0x00000279d8982800 DEOPT UNPACKING pc=0x00000279be27a1a9 sp=0x000000b3ec4fec58 mode 2
Event: 32.989 Thread 0x00000279d8982800 Uncommon trap: trap_request=0xffffffbe fr.pc=0x00000279c62da41c relative=0x0000000000005c9c
Event: 32.989 Thread 0x00000279d8982800 Uncommon trap: reason=profile_predicate action=maybe_recompile pc=0x00000279c62da41c method=com.android.tools.r8.dex.j.a(I[Lcom/android/tools/r8/internal/Vf;[Lcom/android/tools/r8/internal/Wf;Z)[Lcom/android/tools/r8/graph/q0; @ 650 c2
Event: 32.989 Thread 0x00000279d8982800 DEOPT PACKING pc=0x00000279c62da41c sp=0x000000b3ec4fec60
Event: 32.989 Thread 0x00000279d8982800 DEOPT UNPACKING pc=0x00000279be27a1a9 sp=0x000000b3ec4fec58 mode 2
Event: 32.990 Thread 0x00000279d8982800 Uncommon trap: trap_request=0xffffffbe fr.pc=0x00000279c62da41c relative=0x0000000000005c9c
Event: 32.990 Thread 0x00000279d8982800 Uncommon trap: reason=profile_predicate action=maybe_recompile pc=0x00000279c62da41c method=com.android.tools.r8.dex.j.a(I[Lcom/android/tools/r8/internal/Vf;[Lcom/android/tools/r8/internal/Wf;Z)[Lcom/android/tools/r8/graph/q0; @ 650 c2
Event: 32.990 Thread 0x00000279d8982800 DEOPT PACKING pc=0x00000279c62da41c sp=0x000000b3ec4fec60
Event: 32.990 Thread 0x00000279d8982800 DEOPT UNPACKING pc=0x00000279be27a1a9 sp=0x000000b3ec4fec58 mode 2
Event: 32.990 Thread 0x00000279d8982800 Uncommon trap: trap_request=0xffffffbe fr.pc=0x00000279c62da41c relative=0x0000000000005c9c
Event: 32.990 Thread 0x00000279d8982800 Uncommon trap: reason=profile_predicate action=maybe_recompile pc=0x00000279c62da41c method=com.android.tools.r8.dex.j.a(I[Lcom/android/tools/r8/internal/Vf;[Lcom/android/tools/r8/internal/Wf;Z)[Lcom/android/tools/r8/graph/q0; @ 650 c2
Event: 32.990 Thread 0x00000279d8982800 DEOPT PACKING pc=0x00000279c62da41c sp=0x000000b3ec4fec80
Event: 32.990 Thread 0x00000279d8982800 DEOPT UNPACKING pc=0x00000279be27a1a9 sp=0x000000b3ec4fec78 mode 2
Event: 33.465 Thread 0x00000279d898b800 Uncommon trap: trap_request=0xffffff76 fr.pc=0x00000279c62fa208 relative=0x00000000000055c8
Event: 33.465 Thread 0x00000279d898b800 Uncommon trap: reason=loop_limit_check action=maybe_recompile pc=0x00000279c62fa208 method=com.android.tools.r8.internal.So.get(I)I @ 15 c2
Event: 33.465 Thread 0x00000279d898b800 DEOPT PACKING pc=0x00000279c62fa208 sp=0x000000b3ec5fee10
Event: 33.465 Thread 0x00000279d898b800 DEOPT UNPACKING pc=0x00000279be27a1a9 sp=0x000000b3ec5fed90 mode 2

Classes redefined (0 events):
No events

Internal exceptions (20 events):
Event: 21.064 Thread 0x00000279d615b800 Exception <a 'java/lang/NoSuchMethodError'{0x000000008bb22878}: <clinit>> (0x000000008bb22878) thrown at [./src/hotspot/share/prims/jni.cpp, line 1365]
Event: 21.091 Thread 0x00000279d615b800 Implicit null exception at 0x00000279c613e8e0 to 0x00000279c613ecd4
Event: 21.971 Thread 0x00000279d615b800 Exception <a 'java/lang/NoSuchMethodError'{0x000000008f90f6e0}: <clinit>> (0x000000008f90f6e0) thrown at [./src/hotspot/share/prims/jni.cpp, line 1365]
Event: 21.974 Thread 0x00000279d615b800 Exception <a 'java/lang/NoSuchMethodError'{0x000000008f95a7b0}: <clinit>> (0x000000008f95a7b0) thrown at [./src/hotspot/share/prims/jni.cpp, line 1365]
Event: 21.978 Thread 0x00000279d615b800 Exception <a 'java/lang/NoSuchMethodError'{0x000000008f9a28d0}: <clinit>> (0x000000008f9a28d0) thrown at [./src/hotspot/share/prims/jni.cpp, line 1365]
Event: 21.980 Thread 0x00000279d615b800 Exception <a 'java/lang/NoSuchMethodError'{0x000000008f9bba88}: <clinit>> (0x000000008f9bba88) thrown at [./src/hotspot/share/prims/jni.cpp, line 1365]
Event: 23.882 Thread 0x00000279d8984000 Exception <a 'java/lang/NoSuchMethodError'{0x000000008fa73e28}: 'void java.lang.invoke.DirectMethodHandle$Holder.invokeStatic(java.lang.Object, long)'> (0x000000008fa73e28) thrown at [./src/hotspot/share/interpreter/linkResolver.cpp, line 773]
Event: 23.883 Thread 0x00000279d8984000 Exception <a 'java/lang/NoSuchMethodError'{0x000000008fa79040}: 'java.lang.Object java.lang.invoke.DirectMethodHandle$Holder.invokeStatic(java.lang.Object, long)'> (0x000000008fa79040) thrown at [./src/hotspot/share/interpreter/linkResolver.cpp, line 773]
Event: 23.885 Thread 0x00000279d8984000 Exception <a 'java/lang/NoSuchMethodError'{0x000000008fa873a8}: 'java.lang.Object java.lang.invoke.DirectMethodHandle$Holder.invokeStaticInit(java.lang.Object, java.lang.Object, long, java.lang.Object)'> (0x000000008fa873a8) thrown at [./src/hotspot/share/interpreter/linkResolver.cpp, line 773]
Event: 23.885 Thread 0x00000279d8984000 Exception <a 'java/lang/NoSuchMethodError'{0x000000008fa8d540}: 'java.lang.Object java.lang.invoke.DirectMethodHandle$Holder.invokeStatic(java.lang.Object, java.lang.Object, long)'> (0x000000008fa8d540) thrown at [./src/hotspot/share/interpreter/linkResolver.cpp, line 773]
Event: 23.885 Thread 0x00000279d8984000 Exception <a 'java/lang/NoSuchMethodError'{0x000000008fa93ab8}: 'java.lang.Object java.lang.invoke.Invokers$Holder.linkToTargetMethod(java.lang.Object, long, java.lang.Object)'> (0x000000008fa93ab8) thrown at [./src/hotspot/share/interpreter/linkResolver.cpp, line 773]
Event: 24.539 Thread 0x00000279d8988800 Exception <a 'sun/nio/fs/WindowsException'{0x000000008da346f8}> (0x000000008da346f8) thrown at [./src/hotspot/share/prims/jni.cpp, line 615]
Event: 24.571 Thread 0x00000279d8984000 Exception <a 'java/lang/NoSuchMethodError'{0x000000008daf8030}: 'int java.lang.invoke.DirectMethodHandle$Holder.invokeSpecialIFC(java.lang.Object, java.lang.Object, java.lang.Object)'> (0x000000008daf8030) thrown at [./src/hotspot/share/interpreter/linkResolver.cpp, line 773]
Event: 24.824 Thread 0x00000279d8988800 Exception <a 'java/lang/NoSuchMethodError'{0x000000008d2322a0}: 'java.lang.Object java.lang.invoke.DirectMethodHandle$Holder.invokeStaticInit(java.lang.Object, java.lang.Object, java.lang.Object, java.lang.Object, java.lang.Object, java.lang.Object, java.lang.Object, java.lang.Object, java.lang.Object, java.lang.Object, java.lang.Object, java.lang.Object, java.lang.Object, java.lang.Object, java.lang.Object, java.lang.Object, java.lang.Object, java.lang.Object, int, java.lang.Object, java.lang.Object)'> (0
Event: 26.041 Thread 0x00000279d8988800 Implicit null exception at 0x00000279c622cc21 to 0x00000279c622d524
Event: 26.180 Thread 0x00000279d8988800 Implicit null exception at 0x00000279c6234dec to 0x00000279c6235e14
Event: 28.532 Thread 0x00000279d898b800 Exception <a 'java/lang/NoSuchMethodError'{0x0000000092e360a0}: 'java.lang.Object java.lang.invoke.DirectMethodHandle$Holder.newInvokeSpecial(java.lang.Object, int)'> (0x0000000092e360a0) thrown at [./src/hotspot/share/interpreter/linkResolver.cpp, line 773]
Event: 28.604 Thread 0x00000279d8982800 Exception <a 'java/lang/IncompatibleClassChangeError'{0x0000000092b4edf8}: Found class java.lang.Object, but interface was expected> (0x0000000092b4edf8) thrown at [./src/hotspot/share/interpreter/linkResolver.cpp, line 839]
Event: 28.608 Thread 0x00000279d8982800 Exception <a 'java/lang/IncompatibleClassChangeError'{0x0000000092b8b230}: Found class java.lang.Object, but interface was expected> (0x0000000092b8b230) thrown at [./src/hotspot/share/interpreter/linkResolver.cpp, line 839]
Event: 28.611 Thread 0x00000279d8982800 Exception <a 'java/lang/IncompatibleClassChangeError'{0x0000000092b90cb8}: Found class java.lang.Object, but interface was expected> (0x0000000092b90cb8) thrown at [./src/hotspot/share/interpreter/linkResolver.cpp, line 839]

Events (20 events):
Event: 29.090 Executing VM operation: G1CollectForAllocation done
Event: 29.646 Executing VM operation: G1CollectForAllocation
Event: 29.747 Executing VM operation: G1CollectForAllocation done
Event: 30.269 Executing VM operation: CGC_Operation
Event: 30.291 Executing VM operation: CGC_Operation done
Event: 30.541 Executing VM operation: CGC_Operation
Event: 30.544 Executing VM operation: CGC_Operation done
Event: 31.153 Executing VM operation: G1CollectForAllocation
Event: 31.272 Executing VM operation: G1CollectForAllocation done
Event: 31.840 Executing VM operation: G1CollectForAllocation
Event: 31.935 Executing VM operation: G1CollectForAllocation done
Event: 32.615 Executing VM operation: CGC_Operation
Event: 32.637 Executing VM operation: CGC_Operation done
Event: 32.982 Executing VM operation: CGC_Operation
Event: 32.982 Executing VM operation: CGC_Operation done
Event: 32.986 loading class com/android/tools/r8/internal/Zb
Event: 32.986 loading class com/android/tools/r8/internal/Zb done
Event: 33.010 loading class com/android/tools/r8/dex/f
Event: 33.010 loading class com/android/tools/r8/dex/f done
Event: 33.656 Executing VM operation: G1CollectForAllocation


Dynamic libraries:
0x00007ff6b0dc0000 - 0x00007ff6b0dca000 	C:\Program Files\Android\Android Studio\jre\bin\java.exe
0x00007ffa26170000 - 0x00007ffa26368000 	C:\WINDOWS\SYSTEM32\ntdll.dll
0x00007ffa26070000 - 0x00007ffa2612d000 	C:\WINDOWS\System32\KERNEL32.DLL
0x00007ffa23db0000 - 0x00007ffa24082000 	C:\WINDOWS\System32\KERNELBASE.dll
0x00007ffa238d0000 - 0x00007ffa239d0000 	C:\WINDOWS\System32\ucrtbase.dll
0x00007ffa1a9e0000 - 0x00007ffa1a9f9000 	C:\Program Files\Android\Android Studio\jre\bin\jli.dll
0x00007ffa258e0000 - 0x00007ffa25a7d000 	C:\WINDOWS\System32\USER32.dll
0x00007ffa23a40000 - 0x00007ffa23a62000 	C:\WINDOWS\System32\win32u.dll
0x00007ffa24c30000 - 0x00007ffa24c5b000 	C:\WINDOWS\System32\GDI32.dll
0x00007ffa24090000 - 0x00007ffa2419f000 	C:\WINDOWS\System32\gdi32full.dll
0x00007ffa23a70000 - 0x00007ffa23b0d000 	C:\WINDOWS\System32\msvcp_win.dll
0x00007ffa18bd0000 - 0x00007ffa18be7000 	C:\Program Files\Android\Android Studio\jre\bin\VCRUNTIME140.dll
0x00007ffa13dd0000 - 0x00007ffa1406a000 	C:\WINDOWS\WinSxS\amd64_microsoft.windows.common-controls_6595b64144ccf1df_6.0.19041.1110_none_60b5254171f9507e\COMCTL32.dll
0x00007ffa24b90000 - 0x00007ffa24c2e000 	C:\WINDOWS\System32\msvcrt.dll
0x00007ffa25e80000 - 0x00007ffa25eb0000 	C:\WINDOWS\System32\IMM32.DLL
0x00007ffa0eb40000 - 0x00007ffa0ebdd000 	C:\Program Files\Android\Android Studio\jre\bin\msvcp140.dll
0x00007ff9fbc30000 - 0x00007ff9fc715000 	C:\Program Files\Android\Android Studio\jre\bin\server\jvm.dll
0x00007ffa25c40000 - 0x00007ffa25cee000 	C:\WINDOWS\System32\ADVAPI32.dll
0x00007ffa24c60000 - 0x00007ffa24cfc000 	C:\WINDOWS\System32\sechost.dll
0x00007ffa24d70000 - 0x00007ffa24e95000 	C:\WINDOWS\System32\RPCRT4.dll
0x00007ffa25cf0000 - 0x00007ffa25cf8000 	C:\WINDOWS\System32\PSAPI.DLL
0x00007ffa20c20000 - 0x00007ffa20c29000 	C:\WINDOWS\SYSTEM32\WSOCK32.dll
0x00007ffa24d00000 - 0x00007ffa24d6b000 	C:\WINDOWS\System32\WS2_32.dll
0x00007ffa13cb0000 - 0x00007ffa13cd7000 	C:\WINDOWS\SYSTEM32\WINMM.dll
0x00007ffa16000000 - 0x00007ffa1600a000 	C:\WINDOWS\SYSTEM32\VERSION.dll
0x00007ffa21760000 - 0x00007ffa21772000 	C:\WINDOWS\SYSTEM32\kernel.appcore.dll
0x00007ffa0cd10000 - 0x00007ffa0cd21000 	C:\Program Files\Android\Android Studio\jre\bin\verify.dll
0x00007ffa14aa0000 - 0x00007ffa14c84000 	C:\WINDOWS\SYSTEM32\DBGHELP.DLL
0x00007ffa148e0000 - 0x00007ffa1490c000 	C:\WINDOWS\SYSTEM32\dbgcore.DLL
0x00007ffa23b10000 - 0x00007ffa23b92000 	C:\WINDOWS\System32\bcryptPrimitives.dll
0x00007ffa0cce0000 - 0x00007ffa0cd09000 	C:\Program Files\Android\Android Studio\jre\bin\java.dll
0x00007ffa15dd0000 - 0x00007ffa15ddb000 	C:\Program Files\Android\Android Studio\jre\bin\jimage.dll
0x00007ffa0ccc0000 - 0x00007ffa0ccd8000 	C:\Program Files\Android\Android Studio\jre\bin\zip.dll
0x00007ffa24440000 - 0x00007ffa24b83000 	C:\WINDOWS\System32\SHELL32.dll
0x00007ffa21960000 - 0x00007ffa220f1000 	C:\WINDOWS\SYSTEM32\windows.storage.dll
0x00007ffa24fe0000 - 0x00007ffa25334000 	C:\WINDOWS\System32\combase.dll
0x00007ffa23200000 - 0x00007ffa23230000 	C:\WINDOWS\SYSTEM32\Wldp.dll
0x00007ffa24390000 - 0x00007ffa2443d000 	C:\WINDOWS\System32\SHCORE.dll
0x00007ffa25d00000 - 0x00007ffa25d55000 	C:\WINDOWS\System32\shlwapi.dll
0x00007ffa237c0000 - 0x00007ffa237df000 	C:\WINDOWS\SYSTEM32\profapi.dll
0x00007ffa0cca0000 - 0x00007ffa0ccba000 	C:\Program Files\Android\Android Studio\jre\bin\net.dll
0x00007ffa18c70000 - 0x00007ffa18d7d000 	C:\WINDOWS\SYSTEM32\WINHTTP.dll
0x00007ffa22f60000 - 0x00007ffa22fca000 	C:\WINDOWS\system32\mswsock.dll
0x00007ffa0cc80000 - 0x00007ffa0cc94000 	C:\Program Files\Android\Android Studio\jre\bin\nio.dll
0x00007ffa1aa00000 - 0x00007ffa1aa27000 	C:\Users\obaak\.gradle\native\e1d6ef7f7dcc3fd88c89a11ec53ec762bb8ba0a96d01ffa2cd45eb1d1d8dd5c5\windows-amd64\native-platform.dll
0x00007ff9fa4e0000 - 0x00007ff9fa624000 	C:\Users\obaak\.gradle\native\5664cfc778a61ccfe75a443a1ab52a65af34e5dc3c78e0209fed803814484fcb\windows-amd64\native-platform-file-events.dll
0x00007ffa15d60000 - 0x00007ffa15d6a000 	C:\Program Files\Android\Android Studio\jre\bin\management.dll
0x00007ffa15cf0000 - 0x00007ffa15cfd000 	C:\Program Files\Android\Android Studio\jre\bin\management_ext.dll
0x00007ffa23160000 - 0x00007ffa23178000 	C:\WINDOWS\SYSTEM32\CRYPTSP.dll
0x00007ffa22880000 - 0x00007ffa228b4000 	C:\WINDOWS\system32\rsaenh.dll
0x00007ffa241a0000 - 0x00007ffa241c7000 	C:\WINDOWS\System32\bcrypt.dll
0x00007ffa23740000 - 0x00007ffa2376e000 	C:\WINDOWS\SYSTEM32\USERENV.dll
0x00007ffa23150000 - 0x00007ffa2315c000 	C:\WINDOWS\SYSTEM32\CRYPTBASE.dll
0x00007ffa22c50000 - 0x00007ffa22c8b000 	C:\WINDOWS\SYSTEM32\IPHLPAPI.DLL
0x00007ffa25a80000 - 0x00007ffa25a88000 	C:\WINDOWS\System32\NSI.dll
0x00007ffa1d3b0000 - 0x00007ffa1d3c7000 	C:\WINDOWS\SYSTEM32\dhcpcsvc6.DLL
0x00007ffa1d280000 - 0x00007ffa1d29d000 	C:\WINDOWS\SYSTEM32\dhcpcsvc.DLL
0x00007ffa22c90000 - 0x00007ffa22d5a000 	C:\WINDOWS\SYSTEM32\DNSAPI.dll

dbghelp: loaded successfully - version: 4.0.5 - missing functions: none
symbol engine: initialized successfully - sym options: 0x614 - pdb path: .;C:\Program Files\Android\Android Studio\jre\bin;C:\WINDOWS\SYSTEM32;C:\WINDOWS\WinSxS\amd64_microsoft.windows.common-controls_6595b64144ccf1df_6.0.19041.1110_none_60b5254171f9507e;C:\Program Files\Android\Android Studio\jre\bin\server;C:\Users\obaak\.gradle\native\e1d6ef7f7dcc3fd88c89a11ec53ec762bb8ba0a96d01ffa2cd45eb1d1d8dd5c5\windows-amd64;C:\Users\obaak\.gradle\native\5664cfc778a61ccfe75a443a1ab52a65af34e5dc3c78e0209fed803814484fcb\windows-amd64

VM Arguments:
jvm_args: --add-opens=java.base/java.util=ALL-UNNAMED --add-opens=java.base/java.lang=ALL-UNNAMED --add-opens=java.base/java.lang.invoke=ALL-UNNAMED --add-opens=java.base/java.util=ALL-UNNAMED --add-opens=java.prefs/java.util.prefs=ALL-UNNAMED --add-opens=java.prefs/java.util.prefs=ALL-UNNAMED --add-opens=java.base/java.nio.charset=ALL-UNNAMED --add-opens=java.base/java.net=ALL-UNNAMED --add-opens=java.base/java.util.concurrent.atomic=ALL-UNNAMED -Xmx2048m -Dfile.encoding=UTF-8 -Duser.country=US -Duser.language=en -Duser.variant 
java_command: org.gradle.launcher.daemon.bootstrap.GradleDaemon 7.3.3
java_class_path (initial): C:\Users\obaak\.gradle\wrapper\dists\gradle-7.3.3-bin\6a41zxkdtcxs8rphpq6y0069z\gradle-7.3.3\lib\gradle-launcher-7.3.3.jar
Launcher Type: SUN_STANDARD

[Global flags]
     intx CICompilerCount                          = 2                                         {product} {ergonomic}
     uint ConcGCThreads                            = 1                                         {product} {ergonomic}
     uint G1ConcRefinementThreads                  = 2                                         {product} {ergonomic}
   size_t G1HeapRegionSize                         = 1048576                                   {product} {ergonomic}
    uintx GCDrainStackTargetSize                   = 64                                        {product} {ergonomic}
   size_t InitialHeapSize                          = 134217728                                 {product} {ergonomic}
   size_t MarkStackSize                            = 4194304                                   {product} {ergonomic}
   size_t MaxHeapSize                              = 2147483648                                {product} {command line}
   size_t MaxNewSize                               = 1287651328                                {product} {ergonomic}
   size_t MinHeapDeltaBytes                        = 1048576                                   {product} {ergonomic}
    uintx NonNMethodCodeHeapSize                   = 5825164                                {pd product} {ergonomic}
    uintx NonProfiledCodeHeapSize                  = 122916538                              {pd product} {ergonomic}
    uintx ProfiledCodeHeapSize                     = 122916538                              {pd product} {ergonomic}
    uintx ReservedCodeCacheSize                    = 251658240                              {pd product} {ergonomic}
     bool SegmentedCodeCache                       = true                                      {product} {ergonomic}
     bool UseCompressedClassPointers               = true                                 {lp64_product} {ergonomic}
     bool UseCompressedOops                        = true                                 {lp64_product} {ergonomic}
     bool UseG1GC                                  = true                                      {product} {ergonomic}
     bool UseLargePagesIndividualAllocation        = false                                  {pd product} {ergonomic}

Logging:
Log output configuration:
 #0: stdout all=warning uptime,level,tags
 #1: stderr all=off uptime,level,tags

Environment Variables:
PATH=C:\Program Files\Common Files\Oracle\Java\javapath;C:\WINDOWS\system32;C:\WINDOWS;C:\WINDOWS\System32\Wbem;C:\WINDOWS\System32\WindowsPowerShell\v1.0\;C:\WINDOWS\System32\OpenSSH\;C:\Program Files\PuTTY\;C:\Users\obaak\AppData\Local\Microsoft\WindowsApps;;C:\Users\obaak\AppData\Local\Programs\Microsoft VS Code\bin
USERNAME=obaak
OS=Windows_NT
PROCESSOR_IDENTIFIER=Intel64 Family 6 Model 23 Stepping 10, GenuineIntel



---------------  S Y S T E M  ---------------

OS: Windows 10 , 64 bit Build 19041 (10.0.19041.1889)
OS uptime: 0 days 8:30 hours

CPU:total 2 (initial active 2) (2 cores per cpu, 1 threads per core) family 6 model 23 stepping 10 microcode 0xa0c, cmov, cx8, fxsr, mmx, sse, sse2, sse3, ssse3, sse4.1, tsc

Memory: 4k page, system-wide physical 8156M (1313M free)
TotalPageFile size 10591M (AvailPageFile size 331M)
current process WorkingSet (physical memory assigned to process): 647M, peak: 647M
current process commit charge ("private bytes"): 691M, peak: 1025M

vm_info: OpenJDK 64-Bit Server VM (11.0.12+7-b1504.28-7817840) for windows-amd64 JRE (11.0.12+7-b1504.28-7817840), built on Oct 13 2021 22:12:33 by "builder" with MS VC++ 14.0 (VS2015)

END.
